TN:
SF:src\polyfills.ts
FNF:0
FNH:0
LF:0
LH:0
BRF:0
BRH:0
end_of_record
TN:
SF:src\test.ts
FNF:0
FNH:0
DA:6,5
DA:8,5
DA:10,5
LF:3
LH:3
BRF:0
BRH:0
end_of_record
TN:
SF:src\app\app.component.ts
FN:24,(anonymous_0)
FN:51,(anonymous_1)
FN:60,(anonymous_2)
FN:66,(anonymous_3)
FN:72,(anonymous_4)
FN:74,(anonymous_5)
FN:84,(anonymous_6)
FN:95,(anonymous_7)
FN:102,(anonymous_8)
FN:105,(anonymous_9)
FN:112,(anonymous_10)
FN:119,(anonymous_11)
FN:129,(anonymous_12)
FN:131,(anonymous_13)
FN:135,(anonymous_14)
FN:150,(anonymous_15)
FN:156,(anonymous_16)
FN:160,(anonymous_17)
FN:162,(anonymous_18)
FN:169,(anonymous_19)
FN:175,(anonymous_20)
FN:181,(anonymous_21)
FN:187,(anonymous_22)
FN:193,(anonymous_23)
FN:194,(anonymous_24)
FN:198,(anonymous_25)
FN:207,(anonymous_26)
FN:210,(anonymous_27)
FN:213,(anonymous_28)
FN:217,(anonymous_29)
FN:228,(anonymous_30)
FNF:31
FNH:17
FNDA:6,(anonymous_0)
FNDA:0,(anonymous_1)
FNDA:0,(anonymous_2)
FNDA:0,(anonymous_3)
FNDA:5,(anonymous_4)
FNDA:0,(anonymous_5)
FNDA:0,(anonymous_6)
FNDA:0,(anonymous_7)
FNDA:0,(anonymous_8)
FNDA:0,(anonymous_9)
FNDA:0,(anonymous_10)
FNDA:0,(anonymous_11)
FNDA:1,(anonymous_12)
FNDA:1,(anonymous_13)
FNDA:1,(anonymous_14)
FNDA:1,(anonymous_15)
FNDA:1,(anonymous_16)
FNDA:1,(anonymous_17)
FNDA:1,(anonymous_18)
FNDA:1,(anonymous_19)
FNDA:1,(anonymous_20)
FNDA:1,(anonymous_21)
FNDA:0,(anonymous_22)
FNDA:5,(anonymous_23)
FNDA:5,(anonymous_24)
FNDA:0,(anonymous_25)
FNDA:6,(anonymous_26)
FNDA:0,(anonymous_27)
FNDA:0,(anonymous_28)
FNDA:5,(anonymous_29)
FNDA:1,(anonymous_30)
DA:23,5
DA:28,6
DA:29,6
DA:30,6
DA:31,6
DA:32,6
DA:33,6
DA:34,6
DA:35,6
DA:36,6
DA:37,6
DA:38,6
DA:39,6
DA:45,6
DA:46,6
DA:47,6
DA:48,6
DA:49,6
DA:50,6
DA:51,6
DA:52,0
DA:53,0
DA:58,0
DA:59,0
DA:60,0
DA:61,0
DA:65,6
DA:66,6
DA:67,0
DA:68,0
DA:69,0
DA:73,5
DA:74,0
DA:75,0
DA:85,0
DA:89,5
DA:90,5
DA:91,5
DA:92,5
DA:93,5
DA:94,5
DA:95,5
DA:96,0
DA:97,0
DA:98,0
DA:99,0
DA:100,0
DA:102,5
DA:103,0
DA:105,5
DA:106,0
DA:107,0
DA:108,0
DA:109,0
DA:110,0
DA:112,5
DA:113,0
DA:114,0
DA:115,0
DA:116,0
DA:117,0
DA:119,5
DA:120,0
DA:121,0
DA:122,0
DA:123,0
DA:124,0
DA:126,5
DA:127,5
DA:130,1
DA:131,1
DA:132,1
DA:133,1
DA:134,1
DA:135,1
DA:136,1
DA:137,0
DA:144,0
DA:145,0
DA:151,1
DA:157,1
DA:158,1
DA:159,1
DA:160,1
DA:163,1
DA:164,1
DA:165,1
DA:166,1
DA:167,1
DA:170,1
DA:171,1
DA:172,1
DA:173,1
DA:176,1
DA:177,1
DA:178,1
DA:179,1
DA:182,1
DA:183,1
DA:184,1
DA:185,1
DA:188,0
DA:189,0
DA:190,0
DA:191,0
DA:194,5
DA:195,5
DA:196,5
DA:197,5
DA:198,5
DA:199,0
DA:200,0
DA:201,0
DA:202,0
DA:208,6
DA:211,0
DA:214,0
DA:215,0
DA:218,5
DA:219,5
DA:220,5
DA:222,5
DA:223,0
DA:224,0
DA:228,5
DA:243,5
DA:250,5
LF:127
LH:78
BRDA:52,0,0,0
BRDA:52,0,1,0
BRDA:58,1,0,0
BRDA:58,1,1,0
BRDA:73,2,0,0
BRDA:73,2,1,5
BRDA:130,3,0,1
BRDA:130,3,1,0
BRDA:135,4,0,1
BRDA:135,4,1,0
BRDA:136,5,0,0
BRDA:136,5,1,1
BRDA:196,6,0,5
BRDA:196,6,1,0
BRDA:196,7,0,5
BRDA:196,7,1,0
BRDA:196,7,2,0
BRDA:218,8,0,5
BRDA:218,8,1,0
BRDA:222,9,0,0
BRDA:222,9,1,5
BRF:21
BRH:8
end_of_record
TN:
SF:src\app\auth.guard.ts
FN:6,(anonymous_0)
FN:10,(anonymous_1)
FN:18,(anonymous_2)
FNF:3
FNH:2
FNDA:1,(anonymous_0)
FNDA:0,(anonymous_1)
FNDA:1,(anonymous_2)
DA:5,5
DA:7,1
DA:8,1
DA:11,0
DA:12,0
DA:13,0
DA:15,0
DA:18,5
DA:22,5
LF:9
LH:5
BRDA:11,0,0,0
BRDA:11,0,1,0
BRF:2
BRH:0
end_of_record
TN:
SF:src\app\role.guard.ts
FN:7,(anonymous_0)
FN:11,(anonymous_1)
FN:28,(anonymous_2)
FNF:3
FNH:0
FNDA:0,(anonymous_0)
FNDA:0,(anonymous_1)
FNDA:0,(anonymous_2)
DA:6,5
DA:8,0
DA:9,0
DA:14,0
DA:15,0
DA:16,0
DA:17,0
DA:19,0
DA:20,0
DA:21,0
DA:22,0
DA:24,0
DA:28,5
DA:32,5
LF:14
LH:3
BRDA:14,0,0,0
BRDA:14,0,1,0
BRDA:20,1,0,0
BRDA:20,1,1,0
BRDA:20,2,0,0
BRDA:20,2,1,0
BRF:6
BRH:0
end_of_record
TN:
SF:src\app\animations\animations.ts
FNF:0
FNH:0
DA:2,5
DA:14,5
DA:24,5
LF:3
LH:3
BRF:0
BRH:0
end_of_record
TN:
SF:src\app\content\content-aditional-info-commissions.ts
FNF:0
FNH:0
DA:1,5
LF:1
LH:1
BRF:0
BRH:0
end_of_record
TN:
SF:src\app\modules\admin\admin.module.ts
FNF:0
FNH:0
DA:82,5
DA:327,5
DA:329,5
LF:3
LH:3
BRF:0
BRH:0
end_of_record
TN:
SF:src\app\modules\admin\components\card\card.component.ts
FN:6,(anonymous_0)
FN:7,(anonymous_1)
FN:9,(anonymous_2)
FNF:3
FNH:3
FNDA:1,(anonymous_0)
FNDA:1,(anonymous_1)
FNDA:1,(anonymous_2)
DA:5,5
DA:9,5
DA:10,5
DA:15,5
LF:4
LH:4
BRF:0
BRH:0
end_of_record
TN:
SF:src\app\modules\admin\components\card-admin-story\card-admin-story.component.ts
FN:14,(anonymous_0)
FN:22,(anonymous_1)
FN:23,(anonymous_2)
FN:28,(anonymous_3)
FN:29,(anonymous_4)
FN:37,(anonymous_5)
FN:51,(anonymous_6)
FN:55,(anonymous_7)
FN:64,(anonymous_8)
FN:66,(anonymous_9)
FN:67,(anonymous_10)
FN:77,(anonymous_11)
FN:94,(anonymous_12)
FN:95,(anonymous_13)
FN:96,(anonymous_14)
FN:117,(anonymous_15)
FN:118,(anonymous_16)
FN:123,(anonymous_17)
FN:130,(anonymous_18)
FN:134,(anonymous_19)
FNF:20
FNH:17
FNDA:6,(anonymous_0)
FNDA:6,(anonymous_1)
FNDA:1,(anonymous_2)
FNDA:1,(anonymous_3)
FNDA:1,(anonymous_4)
FNDA:1,(anonymous_5)
FNDA:1,(anonymous_6)
FNDA:1,(anonymous_7)
FNDA:1,(anonymous_8)
FNDA:1,(anonymous_9)
FNDA:1,(anonymous_10)
FNDA:1,(anonymous_11)
FNDA:1,(anonymous_12)
FNDA:0,(anonymous_13)
FNDA:0,(anonymous_14)
FNDA:1,(anonymous_15)
FNDA:1,(anonymous_16)
FNDA:0,(anonymous_17)
FNDA:6,(anonymous_18)
FNDA:1,(anonymous_19)
DA:13,5
DA:15,6
DA:16,6
DA:17,6
DA:18,6
DA:19,6
DA:20,6
DA:24,1
DA:28,1
DA:29,1
DA:30,1
DA:31,1
DA:32,1
DA:33,1
DA:38,1
DA:51,1
DA:52,1
DA:56,1
DA:65,1
DA:66,1
DA:67,1
DA:68,1
DA:69,1
DA:70,1
DA:71,1
DA:78,1
DA:79,0
DA:82,1
DA:83,1
DA:84,0
DA:87,1
DA:88,0
DA:91,1
DA:95,1
DA:96,0
DA:97,0
DA:98,0
DA:99,0
DA:114,0
DA:118,1
DA:119,1
DA:120,1
DA:124,0
DA:125,0
DA:126,0
DA:128,0
DA:131,6
DA:134,5
DA:140,5
DA:143,5
LF:50
LH:38
BRDA:65,0,0,1
BRDA:65,0,1,0
BRDA:78,1,0,0
BRDA:78,1,1,1
BRDA:83,2,0,0
BRDA:83,2,1,1
BRDA:87,3,0,0
BRDA:87,3,1,1
BRDA:102,4,0,0
BRDA:102,4,1,0
BRDA:106,5,0,0
BRDA:106,5,1,0
BRDA:107,6,0,0
BRDA:107,6,1,0
BRDA:124,7,0,0
BRDA:124,7,1,0
BRF:16
BRH:4
end_of_record
TN:
SF:src\app\modules\admin\components\card-dashboard\card-dashboard.component.ts
FN:6,(anonymous_0)
FN:7,(anonymous_1)
FN:9,(anonymous_2)
FNF:3
FNH:0
FNDA:0,(anonymous_0)
FNDA:0,(anonymous_1)
FNDA:0,(anonymous_2)
DA:5,5
DA:9,5
DA:10,5
DA:13,5
LF:4
LH:4
BRF:0
BRH:0
end_of_record
TN:
SF:src\app\modules\admin\components\card-notification\card-notification.component.ts
FN:9,(anonymous_0)
FN:13,(anonymous_1)
FN:14,(anonymous_2)
FN:22,(anonymous_3)
FN:26,(anonymous_4)
FN:31,(anonymous_5)
FNF:6
FNH:6
FNDA:6,(anonymous_0)
FNDA:6,(anonymous_1)
FNDA:1,(anonymous_2)
FNDA:1,(anonymous_3)
FNDA:1,(anonymous_4)
FNDA:2,(anonymous_5)
DA:8,5
DA:10,6
DA:11,6
DA:15,1
DA:16,1
DA:23,1
DA:24,1
DA:27,1
DA:28,1
DA:31,5
DA:35,5
DA:43,5
LF:12
LH:12
BRF:0
BRH:0
end_of_record
TN:
SF:src\app\modules\admin\components\dialog-category\dialog-category.component.ts
FN:10,(anonymous_0)
FN:32,(anonymous_1)
FN:35,(anonymous_2)
FN:65,(anonymous_3)
FN:68,(anonymous_4)
FN:79,(anonymous_5)
FN:88,(anonymous_6)
FN:105,(anonymous_7)
FN:153,(anonymous_8)
FN:159,(anonymous_9)
FN:163,(anonymous_10)
FNF:11
FNH:11
FNDA:6,(anonymous_0)
FNDA:6,(anonymous_1)
FNDA:6,(anonymous_2)
FNDA:1,(anonymous_3)
FNDA:1,(anonymous_4)
FNDA:1,(anonymous_5)
FNDA:1,(anonymous_6)
FNDA:3,(anonymous_7)
FNDA:3,(anonymous_8)
FNDA:6,(anonymous_9)
FNDA:1,(anonymous_10)
DA:9,5
DA:11,6
DA:12,6
DA:13,6
DA:14,6
DA:15,6
DA:16,6
DA:17,6
DA:18,6
DA:19,6
DA:20,6
DA:21,6
DA:33,6
DA:36,6
DA:37,0
DA:38,0
DA:39,0
DA:40,0
DA:41,0
DA:42,0
DA:51,0
DA:54,6
DA:66,1
DA:69,1
DA:70,1
DA:71,1
DA:72,1
DA:73,1
DA:75,1
DA:76,0
DA:80,1
DA:81,1
DA:82,1
DA:83,1
DA:84,1
DA:85,1
DA:86,1
DA:87,1
DA:88,1
DA:89,1
DA:90,1
DA:91,1
DA:92,1
DA:93,1
DA:94,1
DA:95,1
DA:98,0
DA:99,0
DA:100,0
DA:107,3
DA:108,1
DA:122,2
DA:123,1
DA:138,1
DA:153,3
DA:154,3
DA:155,3
DA:160,6
DA:163,5
DA:169,5
DA:172,5
LF:61
LH:50
BRDA:36,0,0,0
BRDA:36,0,1,6
BRDA:72,1,0,1
BRDA:72,1,1,0
BRDA:72,2,0,1
BRDA:72,2,1,1
BRDA:75,3,0,0
BRDA:75,3,1,1
BRDA:83,4,0,1
BRDA:83,4,1,0
BRDA:83,5,0,1
BRDA:83,5,1,1
BRDA:90,6,0,1
BRDA:90,6,1,0
BRDA:107,7,0,1
BRDA:107,7,1,2
BRDA:122,8,0,1
BRDA:122,8,1,1
BRDA:154,9,0,3
BRDA:154,9,1,0
BRF:20
BRH:14
end_of_record
TN:
SF:src\app\modules\admin\components\dialog-delete-notification\dialog-delete-notification.component.ts
FN:10,(anonymous_0)
FN:17,(anonymous_1)
FN:18,(anonymous_2)
FN:21,(anonymous_3)
FN:22,(anonymous_4)
FN:24,(anonymous_5)
FN:29,(anonymous_6)
FN:33,(anonymous_7)
FNF:8
FNH:7
FNDA:3,(anonymous_0)
FNDA:3,(anonymous_1)
FNDA:1,(anonymous_2)
FNDA:1,(anonymous_3)
FNDA:1,(anonymous_4)
FNDA:0,(anonymous_5)
FNDA:3,(anonymous_6)
FNDA:1,(anonymous_7)
DA:9,5
DA:11,3
DA:12,3
DA:13,3
DA:14,3
DA:15,3
DA:19,1
DA:22,1
DA:23,1
DA:24,1
DA:25,0
DA:30,3
DA:33,5
DA:39,5
LF:14
LH:13
BRF:0
BRH:0
end_of_record
TN:
SF:src\app\modules\admin\components\dialog-faq-group\dialog-faq-group.component.ts
FN:10,(anonymous_0)
FN:17,(anonymous_1)
FN:20,(anonymous_2)
FN:32,(anonymous_3)
FN:35,(anonymous_4)
FN:48,(anonymous_5)
FN:54,(anonymous_6)
FN:58,(anonymous_7)
FNF:8
FNH:0
FNDA:0,(anonymous_0)
FNDA:0,(anonymous_1)
FNDA:0,(anonymous_2)
FNDA:0,(anonymous_3)
FNDA:0,(anonymous_4)
FNDA:0,(anonymous_5)
FNDA:0,(anonymous_6)
FNDA:0,(anonymous_7)
DA:9,5
DA:11,0
DA:12,0
DA:13,0
DA:14,0
DA:15,0
DA:18,0
DA:21,0
DA:22,0
DA:27,0
DA:33,0
DA:36,0
DA:37,0
DA:42,0
DA:48,0
DA:49,0
DA:50,0
DA:55,0
DA:58,5
DA:64,5
LF:20
LH:3
BRDA:21,0,0,0
BRDA:21,0,1,0
BRDA:36,1,0,0
BRDA:36,1,1,0
BRDA:49,2,0,0
BRDA:49,2,1,0
BRF:6
BRH:0
end_of_record
TN:
SF:src\app\modules\admin\components\dialog-faq-item\dialog-faq-item.component.ts
FN:11,(anonymous_0)
FN:20,(anonymous_1)
FN:23,(anonymous_2)
FN:41,(anonymous_3)
FN:44,(anonymous_4)
FN:52,(anonymous_5)
FN:58,(anonymous_6)
FN:62,(anonymous_7)
FNF:8
FNH:5
FNDA:1,(anonymous_0)
FNDA:1,(anonymous_1)
FNDA:1,(anonymous_2)
FNDA:0,(anonymous_3)
FNDA:0,(anonymous_4)
FNDA:0,(anonymous_5)
FNDA:1,(anonymous_6)
FNDA:1,(anonymous_7)
DA:10,5
DA:12,1
DA:13,1
DA:14,1
DA:15,1
DA:16,1
DA:17,1
DA:18,1
DA:21,1
DA:24,1
DA:25,0
DA:33,1
DA:42,0
DA:45,0
DA:52,0
DA:53,0
DA:54,0
DA:59,1
DA:62,5
DA:69,5
LF:20
LH:14
BRDA:24,0,0,0
BRDA:24,0,1,1
BRDA:27,1,0,0
BRDA:27,1,1,0
BRDA:28,2,0,0
BRDA:28,2,1,0
BRDA:35,3,0,1
BRDA:35,3,1,1
BRDA:53,4,0,0
BRDA:53,4,1,0
BRF:10
BRH:3
end_of_record
TN:
SF:src\app\modules\admin\components\dialog-navigation-group\dialog-navigation-group.component.ts
FN:12,(anonymous_0)
FN:23,(anonymous_1)
FN:26,(anonymous_2)
FN:40,(anonymous_3)
FN:43,(anonymous_4)
FN:60,(anonymous_5)
FN:79,(anonymous_6)
FN:86,(anonymous_7)
FN:90,(anonymous_8)
FNF:9
FNH:7
FNDA:4,(anonymous_0)
FNDA:4,(anonymous_1)
FNDA:4,(anonymous_2)
FNDA:0,(anonymous_3)
FNDA:1,(anonymous_4)
FNDA:0,(anonymous_5)
FNDA:1,(anonymous_6)
FNDA:4,(anonymous_7)
FNDA:1,(anonymous_8)
DA:11,5
DA:13,4
DA:14,4
DA:15,4
DA:16,4
DA:17,4
DA:18,4
DA:19,4
DA:20,4
DA:21,4
DA:24,4
DA:27,4
DA:28,0
DA:34,4
DA:41,0
DA:45,1
DA:46,0
DA:47,0
DA:53,0
DA:60,0
DA:61,0
DA:62,0
DA:67,1
DA:68,1
DA:73,0
DA:79,1
DA:80,1
DA:81,1
DA:87,4
DA:90,5
DA:98,5
LF:31
LH:22
BRDA:27,0,0,0
BRDA:27,0,1,4
BRDA:45,1,0,0
BRDA:45,1,1,1
BRDA:46,2,0,0
BRDA:46,2,1,0
BRDA:61,3,0,0
BRDA:61,3,1,0
BRDA:67,4,0,1
BRDA:67,4,1,0
BRDA:80,5,0,1
BRDA:80,5,1,0
BRF:12
BRH:4
end_of_record
TN:
SF:src\app\modules\admin\components\dialog-navigation-item\dialog-navigation-item.component.ts
FN:12,(anonymous_0)
FN:23,(anonymous_1)
FN:26,(anonymous_2)
FN:46,(anonymous_3)
FN:49,(anonymous_4)
FN:74,(anonymous_5)
FN:97,(anonymous_6)
FN:105,(anonymous_7)
FNF:8
FNH:6
FNDA:4,(anonymous_0)
FNDA:4,(anonymous_1)
FNDA:4,(anonymous_2)
FNDA:0,(anonymous_3)
FNDA:1,(anonymous_4)
FNDA:0,(anonymous_5)
FNDA:1,(anonymous_6)
FNDA:1,(anonymous_7)
DA:11,5
DA:13,4
DA:14,4
DA:15,4
DA:16,4
DA:17,4
DA:18,4
DA:19,4
DA:20,4
DA:21,4
DA:24,4
DA:27,4
DA:28,4
DA:29,0
DA:38,4
DA:47,0
DA:51,1
DA:52,0
DA:53,0
DA:63,0
DA:73,0
DA:74,0
DA:75,0
DA:76,0
DA:81,1
DA:82,1
DA:89,0
DA:97,1
DA:98,1
DA:99,1
DA:105,5
DA:113,5
LF:32
LH:22
BRDA:28,0,0,0
BRDA:28,0,1,4
BRDA:31,1,0,0
BRDA:31,1,1,0
BRDA:32,2,0,0
BRDA:32,2,1,0
BRDA:33,3,0,0
BRDA:33,3,1,0
BRDA:39,4,0,4
BRDA:39,4,1,4
BRDA:51,5,0,0
BRDA:51,5,1,1
BRDA:52,6,0,0
BRDA:52,6,1,0
BRDA:75,7,0,0
BRDA:75,7,1,0
BRDA:81,8,0,1
BRDA:81,8,1,0
BRDA:98,9,0,1
BRDA:98,9,1,0
BRF:20
BRH:6
end_of_record
TN:
SF:src\app\modules\admin\components\dialog-story\dialog-story.component.ts
FN:12,(anonymous_0)
FN:30,(anonymous_1)
FN:33,(anonymous_2)
FN:75,(anonymous_3)
FN:102,(anonymous_4)
FN:113,(anonymous_5)
FN:127,(anonymous_6)
FN:128,(anonymous_7)
FN:142,(anonymous_8)
FN:154,(anonymous_9)
FN:157,(anonymous_10)
FN:207,(anonymous_11)
FN:215,(anonymous_12)
FNF:13
FNH:10
FNDA:5,(anonymous_0)
FNDA:5,(anonymous_1)
FNDA:5,(anonymous_2)
FNDA:1,(anonymous_3)
FNDA:1,(anonymous_4)
FNDA:1,(anonymous_5)
FNDA:0,(anonymous_6)
FNDA:0,(anonymous_7)
FNDA:2,(anonymous_8)
FNDA:0,(anonymous_9)
FNDA:1,(anonymous_10)
FNDA:1,(anonymous_11)
FNDA:1,(anonymous_12)
DA:11,5
DA:13,5
DA:14,5
DA:15,5
DA:16,5
DA:17,5
DA:18,5
DA:19,5
DA:20,5
DA:21,5
DA:22,5
DA:23,5
DA:24,5
DA:25,5
DA:26,5
DA:27,5
DA:28,5
DA:31,5
DA:34,5
DA:35,5
DA:36,0
DA:47,5
DA:48,5
DA:49,5
DA:51,5
DA:52,0
DA:53,0
DA:54,0
DA:55,0
DA:56,0
DA:57,0
DA:59,5
DA:60,0
DA:61,0
DA:62,0
DA:64,5
DA:76,1
DA:77,1
DA:78,1
DA:79,1
DA:80,1
DA:81,1
DA:83,1
DA:84,0
DA:85,0
DA:92,1
DA:93,0
DA:94,0
DA:103,1
DA:104,1
DA:105,1
DA:106,1
DA:107,1
DA:108,1
DA:109,1
DA:110,1
DA:111,1
DA:112,1
DA:113,1
DA:114,1
DA:115,1
DA:116,1
DA:117,1
DA:118,1
DA:119,1
DA:122,0
DA:128,0
DA:129,0
DA:130,0
DA:131,0
DA:132,0
DA:133,0
DA:134,0
DA:137,0
DA:138,0
DA:143,2
DA:144,1
DA:145,1
DA:146,1
DA:149,1
DA:150,1
DA:151,1
DA:155,0
DA:158,1
DA:159,1
DA:160,1
DA:161,0
DA:163,1
DA:164,0
DA:167,1
DA:169,1
DA:170,0
DA:173,1
DA:175,1
DA:176,0
DA:178,1
DA:179,0
DA:193,1
DA:207,1
DA:208,1
DA:209,1
DA:210,1
DA:211,1
DA:215,5
DA:223,5
LF:105
LH:75
BRDA:35,0,0,0
BRDA:35,0,1,5
BRDA:48,1,0,5
BRDA:48,1,1,0
BRDA:51,2,0,0
BRDA:51,2,1,5
BRDA:59,3,0,0
BRDA:59,3,1,5
BRDA:59,4,0,5
BRDA:59,4,1,5
BRDA:79,5,0,1
BRDA:79,5,1,0
BRDA:79,6,0,1
BRDA:79,6,1,0
BRDA:79,6,2,0
BRDA:83,7,0,0
BRDA:83,7,1,1
BRDA:83,8,0,1
BRDA:83,8,1,0
BRDA:83,8,2,0
BRDA:92,9,0,0
BRDA:92,9,1,1
BRDA:92,10,0,1
BRDA:92,10,1,0
BRDA:108,11,0,1
BRDA:108,11,1,0
BRDA:108,12,0,1
BRDA:108,12,1,1
BRDA:115,13,0,1
BRDA:115,13,1,0
BRDA:129,14,0,0
BRDA:129,14,1,0
BRDA:143,15,0,1
BRDA:143,15,1,1
BRDA:160,16,0,0
BRDA:160,16,1,1
BRDA:163,17,0,0
BRDA:163,17,1,1
BRDA:169,18,0,0
BRDA:169,18,1,1
BRDA:175,19,0,0
BRDA:175,19,1,1
BRDA:175,20,0,1
BRDA:175,20,1,1
BRDA:178,21,0,0
BRDA:178,21,1,1
BRDA:187,22,0,0
BRDA:187,22,1,0
BRDA:202,23,0,0
BRDA:202,23,1,1
BRF:50
BRH:26
end_of_record
TN:
SF:src\app\modules\admin\components\dialog-user\dialog-user.component.ts
FN:16,(anonymous_0)
FN:51,(anonymous_1)
FN:54,(anonymous_2)
FN:57,(anonymous_3)
FN:61,(anonymous_4)
FN:73,(anonymous_5)
FN:76,(anonymous_6)
FN:79,(anonymous_7)
FN:82,(anonymous_8)
FN:85,(anonymous_9)
FN:91,(anonymous_10)
FN:106,(anonymous_11)
FN:109,(anonymous_12)
FN:114,(anonymous_13)
FN:115,(anonymous_14)
FN:117,(anonymous_15)
FN:120,(anonymous_16)
FN:129,(anonymous_17)
FN:133,(anonymous_18)
FN:136,(anonymous_19)
FN:137,(anonymous_20)
FN:145,(anonymous_21)
FN:175,(anonymous_22)
FN:185,(anonymous_23)
FN:186,(anonymous_24)
FN:201,(anonymous_25)
FN:220,(anonymous_26)
FN:236,(anonymous_27)
FN:243,(anonymous_28)
FN:255,(anonymous_29)
FN:260,(anonymous_30)
FN:265,(anonymous_31)
FN:270,(anonymous_32)
FN:273,(anonymous_33)
FN:330,(anonymous_34)
FNF:35
FNH:4
FNDA:1,(anonymous_0)
FNDA:0,(anonymous_1)
FNDA:0,(anonymous_2)
FNDA:0,(anonymous_3)
FNDA:0,(anonymous_4)
FNDA:0,(anonymous_5)
FNDA:0,(anonymous_6)
FNDA:0,(anonymous_7)
FNDA:0,(anonymous_8)
FNDA:0,(anonymous_9)
FNDA:1,(anonymous_10)
FNDA:0,(anonymous_11)
FNDA:0,(anonymous_12)
FNDA:1,(anonymous_13)
FNDA:0,(anonymous_14)
FNDA:0,(anonymous_15)
FNDA:0,(anonymous_16)
FNDA:0,(anonymous_17)
FNDA:0,(anonymous_18)
FNDA:0,(anonymous_19)
FNDA:0,(anonymous_20)
FNDA:0,(anonymous_21)
FNDA:0,(anonymous_22)
FNDA:0,(anonymous_23)
FNDA:0,(anonymous_24)
FNDA:0,(anonymous_25)
FNDA:0,(anonymous_26)
FNDA:0,(anonymous_27)
FNDA:0,(anonymous_28)
FNDA:0,(anonymous_29)
FNDA:0,(anonymous_30)
FNDA:0,(anonymous_31)
FNDA:0,(anonymous_32)
FNDA:0,(anonymous_33)
FNDA:1,(anonymous_34)
DA:14,5
DA:15,5
DA:17,1
DA:18,1
DA:19,1
DA:20,1
DA:21,1
DA:22,1
DA:23,1
DA:24,1
DA:25,1
DA:26,1
DA:27,1
DA:28,1
DA:29,1
DA:30,1
DA:31,1
DA:32,1
DA:33,1
DA:34,1
DA:35,1
DA:48,1
DA:49,1
DA:52,0
DA:55,0
DA:58,0
DA:59,0
DA:62,0
DA:63,0
DA:67,0
DA:70,0
DA:74,0
DA:77,0
DA:80,0
DA:83,0
DA:86,0
DA:87,0
DA:89,0
DA:92,1
DA:93,1
DA:98,1
DA:101,1
DA:104,1
DA:107,0
DA:110,0
DA:115,1
DA:116,0
DA:117,0
DA:118,0
DA:120,0
DA:121,0
DA:122,0
DA:123,0
DA:127,0
DA:130,0
DA:134,0
DA:137,0
DA:138,0
DA:139,0
DA:142,0
DA:146,0
DA:147,0
DA:148,0
DA:149,0
DA:150,0
DA:151,0
DA:152,0
DA:157,0
DA:169,0
DA:172,0
DA:176,0
DA:177,0
DA:182,0
DA:186,0
DA:187,0
DA:188,0
DA:189,0
DA:190,0
DA:191,0
DA:202,0
DA:203,0
DA:204,0
DA:205,0
DA:206,0
DA:207,0
DA:208,0
DA:209,0
DA:210,0
DA:221,0
DA:222,0
DA:223,0
DA:224,0
DA:225,0
DA:226,0
DA:237,0
DA:243,0
DA:244,0
DA:245,0
DA:246,0
DA:247,0
DA:248,0
DA:251,0
DA:256,0
DA:260,0
DA:261,0
DA:262,0
DA:266,0
DA:267,0
DA:269,0
DA:270,0
DA:274,0
DA:276,0
DA:277,0
DA:278,0
DA:281,0
DA:285,0
DA:287,0
DA:289,0
DA:290,0
DA:291,0
DA:294,0
DA:298,0
DA:300,0
DA:302,0
DA:303,0
DA:304,0
DA:307,0
DA:311,0
DA:313,0
DA:315,0
DA:316,0
DA:317,0
DA:320,0
DA:324,0
DA:326,0
DA:330,5
DA:341,5
DA:349,5
LF:138
LH:32
BRDA:62,0,0,0
BRDA:62,0,1,0
BRDA:86,1,0,0
BRDA:86,1,1,0
BRDA:116,2,0,0
BRDA:116,2,1,0
BRDA:121,3,0,0
BRDA:121,3,1,0
BRDA:134,4,0,0
BRDA:134,4,1,0
BRDA:138,5,0,0
BRDA:138,5,1,0
BRDA:147,6,0,0
BRDA:147,6,1,0
BRDA:176,7,0,0
BRDA:176,7,1,0
BRDA:244,8,0,0
BRDA:244,8,1,0
BRDA:266,9,0,0
BRDA:266,9,1,0
BRDA:266,10,0,0
BRDA:266,10,1,0
BRDA:269,11,0,0
BRDA:269,11,1,0
BRDA:274,12,0,0
BRDA:274,12,1,0
BRDA:274,12,2,0
BRDA:274,12,3,0
BRDA:276,13,0,0
BRDA:276,13,1,0
BRDA:277,14,0,0
BRDA:277,14,1,0
BRDA:289,15,0,0
BRDA:289,15,1,0
BRDA:290,16,0,0
BRDA:290,16,1,0
BRDA:302,17,0,0
BRDA:302,17,1,0
BRDA:303,18,0,0
BRDA:303,18,1,0
BRDA:315,19,0,0
BRDA:315,19,1,0
BRDA:316,20,0,0
BRDA:316,20,1,0
BRF:44
BRH:0
end_of_record
TN:
SF:src\app\modules\admin\components\dialog-video-player\dialog-video-player.component.ts
FN:9,(anonymous_0)
FN:15,(anonymous_1)
FN:16,(anonymous_2)
FN:19,(anonymous_3)
FN:21,(anonymous_4)
FNF:5
FNH:4
FNDA:1,(anonymous_0)
FNDA:1,(anonymous_1)
FNDA:0,(anonymous_2)
FNDA:1,(anonymous_3)
FNDA:1,(anonymous_4)
DA:8,5
DA:10,1
DA:11,1
DA:12,1
DA:13,1
DA:17,0
DA:21,5
DA:27,5
LF:8
LH:7
BRF:0
BRH:0
end_of_record
TN:
SF:src\app\modules\admin\components\faq-group\faq-group.component.ts
FN:7,(anonymous_0)
FN:18,(anonymous_1)
FN:21,(anonymous_2)
FN:24,(anonymous_3)
FN:27,(anonymous_4)
FN:30,(anonymous_5)
FN:33,(anonymous_6)
FN:36,(anonymous_7)
FN:39,(anonymous_8)
FN:52,(anonymous_9)
FN:56,(anonymous_10)
FNF:11
FNH:7
FNDA:5,(anonymous_0)
FNDA:5,(anonymous_1)
FNDA:1,(anonymous_2)
FNDA:1,(anonymous_3)
FNDA:0,(anonymous_4)
FNDA:0,(anonymous_5)
FNDA:1,(anonymous_6)
FNDA:1,(anonymous_7)
FNDA:0,(anonymous_8)
FNDA:0,(anonymous_9)
FNDA:1,(anonymous_10)
DA:6,5
DA:8,5
DA:9,5
DA:10,5
DA:11,5
DA:12,5
DA:13,5
DA:14,5
DA:15,5
DA:16,5
DA:22,1
DA:25,1
DA:28,0
DA:31,0
DA:34,1
DA:37,1
DA:40,0
DA:41,0
DA:42,0
DA:43,0
DA:44,0
DA:45,0
DA:50,0
DA:53,0
DA:56,5
DA:57,5
DA:68,5
LF:27
LH:17
BRF:0
BRH:0
end_of_record
TN:
SF:src\app\modules\admin\components\faq-item\faq-item.component.ts
FN:6,(anonymous_0)
FN:12,(anonymous_1)
FN:13,(anonymous_2)
FN:16,(anonymous_3)
FN:19,(anonymous_4)
FN:22,(anonymous_5)
FN:26,(anonymous_6)
FNF:7
FNH:3
FNDA:1,(anonymous_0)
FNDA:1,(anonymous_1)
FNDA:0,(anonymous_2)
FNDA:0,(anonymous_3)
FNDA:0,(anonymous_4)
FNDA:0,(anonymous_5)
FNDA:1,(anonymous_6)
DA:5,5
DA:7,1
DA:8,1
DA:9,1
DA:10,1
DA:14,0
DA:17,0
DA:20,0
DA:23,0
DA:26,5
DA:27,5
DA:34,5
LF:12
LH:8
BRF:0
BRH:0
end_of_record
TN:
SF:src\app\modules\admin\components\help-center-group\help-center-group.component.ts
FN:13,(anonymous_0)
FN:20,(anonymous_1)
FN:23,(anonymous_2)
FN:35,(anonymous_3)
FN:36,(anonymous_4)
FN:38,(anonymous_5)
FN:39,(anonymous_6)
FN:41,(anonymous_7)
FN:49,(anonymous_8)
FN:53,(anonymous_9)
FN:54,(anonymous_10)
FN:58,(anonymous_11)
FN:68,(anonymous_12)
FN:72,(anonymous_13)
FN:83,(anonymous_14)
FN:87,(anonymous_15)
FN:99,(anonymous_16)
FN:101,(anonymous_17)
FN:107,(anonymous_18)
FN:110,(anonymous_19)
FN:124,(anonymous_20)
FN:128,(anonymous_21)
FN:137,(anonymous_22)
FN:141,(anonymous_23)
FN:152,(anonymous_24)
FN:156,(anonymous_25)
FN:158,(anonymous_26)
FN:165,(anonymous_27)
FNF:28
FNH:21
FNDA:10,(anonymous_0)
FNDA:10,(anonymous_1)
FNDA:0,(anonymous_2)
FNDA:0,(anonymous_3)
FNDA:0,(anonymous_4)
FNDA:1,(anonymous_5)
FNDA:1,(anonymous_6)
FNDA:1,(anonymous_7)
FNDA:1,(anonymous_8)
FNDA:17,(anonymous_9)
FNDA:17,(anonymous_10)
FNDA:1,(anonymous_11)
FNDA:1,(anonymous_12)
FNDA:1,(anonymous_13)
FNDA:1,(anonymous_14)
FNDA:0,(anonymous_15)
FNDA:0,(anonymous_16)
FNDA:0,(anonymous_17)
FNDA:0,(anonymous_18)
FNDA:1,(anonymous_19)
FNDA:1,(anonymous_20)
FNDA:1,(anonymous_21)
FNDA:1,(anonymous_22)
FNDA:1,(anonymous_23)
FNDA:1,(anonymous_24)
FNDA:1,(anonymous_25)
FNDA:1,(anonymous_26)
FNDA:1,(anonymous_27)
DA:12,5
DA:14,10
DA:15,10
DA:16,10
DA:17,10
DA:18,10
DA:21,10
DA:24,0
DA:25,0
DA:26,0
DA:27,0
DA:28,0
DA:33,0
DA:36,0
DA:39,1
DA:42,1
DA:49,1
DA:50,1
DA:54,17
DA:55,17
DA:59,1
DA:60,1
DA:61,1
DA:62,1
DA:68,1
DA:69,1
DA:73,1
DA:83,1
DA:84,1
DA:88,0
DA:89,0
DA:90,0
DA:91,0
DA:100,0
DA:101,0
DA:102,0
DA:103,0
DA:108,0
DA:111,1
DA:121,1
DA:124,1
DA:125,1
DA:129,1
DA:137,1
DA:138,1
DA:142,1
DA:143,1
DA:144,1
DA:145,1
DA:152,1
DA:153,1
DA:157,1
DA:158,1
DA:159,1
DA:160,0
DA:165,5
DA:169,5
DA:174,5
LF:58
LH:41
BRDA:102,0,0,0
BRDA:102,0,1,0
BRDA:159,1,0,0
BRDA:159,1,1,1
BRF:4
BRH:1
end_of_record
TN:
SF:src\app\modules\admin\components\link-generator-form\link-generator-form.component.ts
FN:8,(anonymous_0)
FN:15,(anonymous_1)
FN:19,(anonymous_2)
FN:25,(anonymous_3)
FN:30,(anonymous_4)
FN:38,(anonymous_5)
FN:49,(anonymous_6)
FN:55,(anonymous_7)
FNF:8
FNH:5
FNDA:2,(anonymous_0)
FNDA:2,(anonymous_1)
FNDA:2,(anonymous_2)
FNDA:2,(anonymous_3)
FNDA:0,(anonymous_4)
FNDA:0,(anonymous_5)
FNDA:0,(anonymous_6)
FNDA:1,(anonymous_7)
DA:7,5
DA:9,2
DA:10,2
DA:11,2
DA:12,2
DA:13,2
DA:16,2
DA:17,2
DA:20,2
DA:26,2
DA:31,0
DA:35,0
DA:39,0
DA:40,0
DA:41,0
DA:42,0
DA:50,0
DA:55,5
DA:59,5
DA:65,5
LF:20
LH:13
BRF:0
BRH:0
end_of_record
TN:
SF:src\app\modules\admin\components\load-form-file\load-form-file.component.ts
FN:6,(anonymous_0)
FN:9,(anonymous_1)
FN:10,(anonymous_2)
FN:13,(anonymous_3)
FN:17,(anonymous_4)
FNF:5
FNH:5
FNDA:30,(anonymous_0)
FNDA:30,(anonymous_1)
FNDA:2,(anonymous_2)
FNDA:1,(anonymous_3)
FNDA:2,(anonymous_4)
DA:5,5
DA:7,30
DA:11,2
DA:14,1
DA:17,5
DA:18,5
DA:25,5
LF:7
LH:7
BRF:0
BRH:0
end_of_record
TN:
SF:src\app\modules\admin\components\navigation-footer\navigation-footer.component.ts
FN:13,(anonymous_0)
FN:21,(anonymous_1)
FN:24,(anonymous_2)
FN:25,(anonymous_3)
FN:27,(anonymous_4)
FN:39,(anonymous_5)
FN:40,(anonymous_6)
FN:42,(anonymous_7)
FN:43,(anonymous_8)
FN:48,(anonymous_9)
FN:56,(anonymous_10)
FN:60,(anonymous_11)
FN:71,(anonymous_12)
FN:75,(anonymous_13)
FN:85,(anonymous_14)
FN:89,(anonymous_15)
FN:92,(anonymous_16)
FN:94,(anonymous_17)
FN:100,(anonymous_18)
FN:110,(anonymous_19)
FN:114,(anonymous_20)
FN:130,(anonymous_21)
FN:134,(anonymous_22)
FN:145,(anonymous_23)
FN:149,(anonymous_24)
FN:151,(anonymous_25)
FN:161,(anonymous_26)
FNF:27
FNH:25
FNDA:14,(anonymous_0)
FNDA:14,(anonymous_1)
FNDA:1,(anonymous_2)
FNDA:1,(anonymous_3)
FNDA:0,(anonymous_4)
FNDA:1,(anonymous_5)
FNDA:1,(anonymous_6)
FNDA:21,(anonymous_7)
FNDA:21,(anonymous_8)
FNDA:1,(anonymous_9)
FNDA:1,(anonymous_10)
FNDA:1,(anonymous_11)
FNDA:1,(anonymous_12)
FNDA:1,(anonymous_13)
FNDA:1,(anonymous_14)
FNDA:0,(anonymous_15)
FNDA:1,(anonymous_16)
FNDA:1,(anonymous_17)
FNDA:1,(anonymous_18)
FNDA:1,(anonymous_19)
FNDA:1,(anonymous_20)
FNDA:1,(anonymous_21)
FNDA:1,(anonymous_22)
FNDA:1,(anonymous_23)
FNDA:1,(anonymous_24)
FNDA:1,(anonymous_25)
FNDA:2,(anonymous_26)
DA:12,5
DA:14,14
DA:15,14
DA:16,14
DA:17,14
DA:18,14
DA:19,14
DA:22,14
DA:25,1
DA:28,0
DA:29,0
DA:30,0
DA:31,0
DA:32,0
DA:37,0
DA:40,1
DA:43,21
DA:44,21
DA:45,21
DA:49,1
DA:56,1
DA:57,1
DA:61,1
DA:71,1
DA:72,1
DA:76,1
DA:77,1
DA:78,1
DA:79,1
DA:85,1
DA:86,1
DA:90,0
DA:93,1
DA:94,1
DA:95,1
DA:96,0
DA:101,1
DA:110,1
DA:111,1
DA:115,1
DA:126,1
DA:130,1
DA:131,1
DA:135,1
DA:136,1
DA:137,1
DA:138,1
DA:145,1
DA:146,1
DA:150,1
DA:151,1
DA:152,1
DA:153,0
DA:156,1
DA:161,5
DA:165,5
DA:169,5
LF:57
LH:48
BRDA:95,0,0,0
BRDA:95,0,1,1
BRDA:152,1,0,0
BRDA:152,1,1,1
BRF:4
BRH:2
end_of_record
TN:
SF:src\app\modules\admin\components\navigation-group\navigation-group.component.ts
FN:8,(anonymous_0)
FN:20,(anonymous_1)
FN:29,(anonymous_2)
FN:32,(anonymous_3)
FN:35,(anonymous_4)
FN:38,(anonymous_5)
FN:41,(anonymous_6)
FN:44,(anonymous_7)
FN:57,(anonymous_8)
FN:61,(anonymous_9)
FNF:10
FNH:8
FNDA:11,(anonymous_0)
FNDA:11,(anonymous_1)
FNDA:2,(anonymous_2)
FNDA:1,(anonymous_3)
FNDA:1,(anonymous_4)
FNDA:1,(anonymous_5)
FNDA:1,(anonymous_6)
FNDA:0,(anonymous_7)
FNDA:0,(anonymous_8)
FNDA:1,(anonymous_9)
DA:7,5
DA:9,11
DA:10,11
DA:11,11
DA:12,11
DA:13,11
DA:14,11
DA:15,11
DA:16,11
DA:17,11
DA:18,11
DA:21,11
DA:22,11
DA:23,11
DA:26,0
DA:30,2
DA:33,1
DA:36,1
DA:39,1
DA:42,1
DA:45,0
DA:46,0
DA:47,0
DA:48,0
DA:49,0
DA:50,0
DA:55,0
DA:58,0
DA:61,5
DA:64,5
DA:74,5
LF:31
LH:22
BRDA:21,0,0,11
BRDA:21,0,1,0
BRDA:45,1,0,0
BRDA:45,1,1,0
BRF:4
BRH:1
end_of_record
TN:
SF:src\app\modules\admin\components\navigation-item\navigation-item.component.ts
FN:6,(anonymous_0)
FN:11,(anonymous_1)
FN:12,(anonymous_2)
FN:15,(anonymous_3)
FN:18,(anonymous_4)
FN:22,(anonymous_5)
FNF:6
FNH:3
FNDA:14,(anonymous_0)
FNDA:14,(anonymous_1)
FNDA:0,(anonymous_2)
FNDA:0,(anonymous_3)
FNDA:0,(anonymous_4)
FNDA:2,(anonymous_5)
DA:5,5
DA:7,14
DA:8,14
DA:9,14
DA:13,0
DA:16,0
DA:19,0
DA:22,5
DA:23,5
DA:29,5
LF:10
LH:7
BRF:0
BRH:0
end_of_record
TN:
SF:src\app\modules\admin\components\navigation-menu\navigation-menu.component.ts
FN:12,(anonymous_0)
FN:20,(anonymous_1)
FN:23,(anonymous_2)
FN:24,(anonymous_3)
FN:26,(anonymous_4)
FN:38,(anonymous_5)
FN:39,(anonymous_6)
FN:43,(anonymous_7)
FN:50,(anonymous_8)
FN:52,(anonymous_9)
FN:55,(anonymous_10)
FN:72,(anonymous_11)
FN:76,(anonymous_12)
FN:88,(anonymous_13)
FN:92,(anonymous_14)
FN:93,(anonymous_15)
FN:99,(anonymous_16)
FN:110,(anonymous_17)
FN:115,(anonymous_18)
FNF:19
FNH:15
FNDA:8,(anonymous_0)
FNDA:8,(anonymous_1)
FNDA:1,(anonymous_2)
FNDA:1,(anonymous_3)
FNDA:0,(anonymous_4)
FNDA:11,(anonymous_5)
FNDA:10,(anonymous_6)
FNDA:1,(anonymous_7)
FNDA:1,(anonymous_8)
FNDA:0,(anonymous_9)
FNDA:1,(anonymous_10)
FNDA:1,(anonymous_11)
FNDA:1,(anonymous_12)
FNDA:1,(anonymous_13)
FNDA:1,(anonymous_14)
FNDA:1,(anonymous_15)
FNDA:0,(anonymous_16)
FNDA:0,(anonymous_17)
FNDA:2,(anonymous_18)
DA:11,5
DA:13,8
DA:14,8
DA:15,8
DA:16,8
DA:17,8
DA:18,8
DA:21,8
DA:24,1
DA:27,0
DA:28,0
DA:29,0
DA:30,0
DA:31,0
DA:36,0
DA:39,11
DA:40,10
DA:44,1
DA:45,1
DA:48,0
DA:50,1
DA:53,0
DA:56,1
DA:68,1
DA:72,1
DA:73,1
DA:77,1
DA:88,1
DA:89,1
DA:93,1
DA:94,1
DA:95,0
DA:100,0
DA:101,0
DA:102,0
DA:103,0
DA:110,0
DA:111,0
DA:115,5
DA:119,5
DA:123,5
LF:41
LH:26
BRDA:44,0,0,1
BRDA:44,0,1,0
BRDA:94,1,0,0
BRDA:94,1,1,1
BRF:4
BRH:2
end_of_record
TN:
SF:src\app\modules\admin\components\navigation-menu-clicker\navigation-menu-clicker.component.ts
FN:13,(anonymous_0)
FN:22,(anonymous_1)
FN:25,(anonymous_2)
FN:28,(anonymous_3)
FN:40,(anonymous_4)
FN:52,(anonymous_5)
FN:55,(anonymous_6)
FN:56,(anonymous_7)
FN:57,(anonymous_8)
FN:67,(anonymous_9)
FN:76,(anonymous_10)
FN:80,(anonymous_11)
FN:92,(anonymous_12)
FN:96,(anonymous_13)
FN:106,(anonymous_14)
FN:110,(anonymous_15)
FN:113,(anonymous_16)
FN:115,(anonymous_17)
FN:124,(anonymous_18)
FN:136,(anonymous_19)
FN:140,(anonymous_20)
FN:158,(anonymous_21)
FN:162,(anonymous_22)
FN:173,(anonymous_23)
FN:177,(anonymous_24)
FN:182,(anonymous_25)
FN:184,(anonymous_26)
FN:193,(anonymous_27)
FN:202,(anonymous_28)
FN:206,(anonymous_29)
FNF:30
FNH:5
FNDA:1,(anonymous_0)
FNDA:1,(anonymous_1)
FNDA:0,(anonymous_2)
FNDA:0,(anonymous_3)
FNDA:0,(anonymous_4)
FNDA:0,(anonymous_5)
FNDA:1,(anonymous_6)
FNDA:0,(anonymous_7)
FNDA:0,(anonymous_8)
FNDA:0,(anonymous_9)
FNDA:0,(anonymous_10)
FNDA:0,(anonymous_11)
FNDA:0,(anonymous_12)
FNDA:0,(anonymous_13)
FNDA:0,(anonymous_14)
FNDA:0,(anonymous_15)
FNDA:0,(anonymous_16)
FNDA:0,(anonymous_17)
FNDA:0,(anonymous_18)
FNDA:0,(anonymous_19)
FNDA:0,(anonymous_20)
FNDA:0,(anonymous_21)
FNDA:0,(anonymous_22)
FNDA:0,(anonymous_23)
FNDA:0,(anonymous_24)
FNDA:0,(anonymous_25)
FNDA:0,(anonymous_26)
FNDA:0,(anonymous_27)
FNDA:1,(anonymous_28)
FNDA:1,(anonymous_29)
DA:12,5
DA:14,1
DA:15,1
DA:16,1
DA:17,1
DA:18,1
DA:19,1
DA:20,1
DA:23,1
DA:26,0
DA:29,0
DA:30,0
DA:31,0
DA:32,0
DA:33,0
DA:38,0
DA:41,0
DA:42,0
DA:43,0
DA:44,0
DA:45,0
DA:50,0
DA:53,0
DA:56,1
DA:57,0
DA:58,0
DA:59,0
DA:62,0
DA:68,0
DA:76,0
DA:77,0
DA:81,0
DA:92,0
DA:93,0
DA:97,0
DA:98,0
DA:99,0
DA:100,0
DA:106,0
DA:107,0
DA:111,0
DA:114,0
DA:115,0
DA:116,0
DA:117,0
DA:120,0
DA:125,0
DA:136,0
DA:137,0
DA:141,0
DA:154,0
DA:158,0
DA:159,0
DA:163,0
DA:164,0
DA:165,0
DA:166,0
DA:173,0
DA:174,0
DA:178,0
DA:179,0
DA:180,0
DA:183,0
DA:184,0
DA:185,0
DA:186,0
DA:189,0
DA:194,0
DA:195,0
DA:198,0
DA:200,0
DA:203,1
DA:206,5
DA:210,5
DA:214,5
LF:75
LH:14
BRDA:58,0,0,0
BRDA:58,0,1,0
BRDA:116,1,0,0
BRDA:116,1,1,0
BRDA:131,2,0,0
BRDA:131,2,1,0
BRDA:145,3,0,0
BRDA:145,3,1,0
BRDA:146,4,0,0
BRDA:146,4,1,0
BRDA:147,5,0,0
BRDA:147,5,1,0
BRDA:148,6,0,0
BRDA:148,6,1,0
BRDA:185,7,0,0
BRDA:185,7,1,0
BRDA:194,8,0,0
BRDA:194,8,1,0
BRF:18
BRH:0
end_of_record
TN:
SF:src\app\modules\admin\components\novelty-chat\novelty-chat.component.ts
FN:7,(anonymous_0)
FN:12,(anonymous_1)
FN:19,(anonymous_2)
FN:22,(anonymous_3)
FN:26,(anonymous_4)
FN:31,(anonymous_5)
FN:42,(anonymous_6)
FNF:7
FNH:7
FNDA:2,(anonymous_0)
FNDA:2,(anonymous_1)
FNDA:2,(anonymous_2)
FNDA:2,(anonymous_3)
FNDA:3,(anonymous_4)
FNDA:1,(anonymous_5)
FNDA:1,(anonymous_6)
DA:6,5
DA:8,2
DA:9,2
DA:10,2
DA:11,2
DA:12,2
DA:13,2
DA:14,2
DA:20,2
DA:23,2
DA:24,2
DA:27,3
DA:32,1
DA:38,1
DA:39,1
DA:42,5
DA:45,5
DA:52,5
LF:18
LH:18
BRF:0
BRH:0
end_of_record
TN:
SF:src\app\modules\admin\components\popup-card\popup-card.component.ts
FN:7,(anonymous_0)
FN:12,(anonymous_1)
FN:13,(anonymous_2)
FN:16,(anonymous_3)
FN:19,(anonymous_4)
FN:22,(anonymous_5)
FN:27,(anonymous_6)
FNF:7
FNH:7
FNDA:5,(anonymous_0)
FNDA:5,(anonymous_1)
FNDA:1,(anonymous_2)
FNDA:1,(anonymous_3)
FNDA:1,(anonymous_4)
FNDA:1,(anonymous_5)
FNDA:1,(anonymous_6)
DA:6,5
DA:8,5
DA:9,5
DA:10,5
DA:14,1
DA:17,1
DA:20,1
DA:23,1
DA:24,1
DA:27,5
DA:28,5
DA:43,5
LF:12
LH:12
BRF:0
BRH:0
end_of_record
TN:
SF:src\app\modules\admin\components\resume\resume.component.ts
FN:6,(anonymous_0)
FN:7,(anonymous_1)
FN:9,(anonymous_2)
FNF:3
FNH:3
FNDA:1,(anonymous_0)
FNDA:1,(anonymous_1)
FNDA:1,(anonymous_2)
DA:5,5
DA:9,5
DA:10,5
DA:13,5
LF:4
LH:4
BRF:0
BRH:0
end_of_record
TN:
SF:src\app\modules\admin\components\search-users\search-users.component.ts
FN:7,(anonymous_0)
FN:11,(anonymous_1)
FN:16,(anonymous_2)
FN:21,(anonymous_3)
FNF:4
FNH:3
FNDA:24,(anonymous_0)
FNDA:24,(anonymous_1)
FNDA:0,(anonymous_2)
FNDA:2,(anonymous_3)
DA:6,5
DA:8,24
DA:9,24
DA:12,24
DA:17,0
DA:18,0
DA:21,5
DA:24,5
DA:27,5
LF:9
LH:7
BRF:0
BRH:0
end_of_record
TN:
SF:src\app\modules\admin\components\side-menu\side-menu.component.ts
FN:6,(anonymous_0)
FN:7,(anonymous_1)
FN:9,(anonymous_2)
FNF:3
FNH:3
FNDA:1,(anonymous_0)
FNDA:1,(anonymous_1)
FNDA:1,(anonymous_2)
DA:5,5
DA:9,5
DA:10,5
LF:3
LH:3
BRF:0
BRH:0
end_of_record
TN:
SF:src\app\modules\admin\components\table-activate-business\table-activate-business.component.ts
FN:13,(anonymous_0)
FN:30,(anonymous_1)
FN:43,(anonymous_2)
FN:46,(anonymous_3)
FN:47,(anonymous_4)
FN:60,(anonymous_5)
FN:63,(anonymous_6)
FN:73,(anonymous_7)
FN:83,(anonymous_8)
FN:93,(anonymous_9)
FN:103,(anonymous_10)
FN:113,(anonymous_11)
FN:124,(anonymous_12)
FN:136,(anonymous_13)
FN:158,(anonymous_14)
FN:169,(anonymous_15)
FN:191,(anonymous_16)
FN:215,(anonymous_17)
FN:235,(anonymous_18)
FN:238,(anonymous_19)
FN:307,(anonymous_20)
FN:319,(anonymous_21)
FNF:22
FNH:17
FNDA:12,(anonymous_0)
FNDA:12,(anonymous_1)
FNDA:1,(anonymous_2)
FNDA:0,(anonymous_3)
FNDA:0,(anonymous_4)
FNDA:1,(anonymous_5)
FNDA:1,(anonymous_6)
FNDA:1,(anonymous_7)
FNDA:0,(anonymous_8)
FNDA:1,(anonymous_9)
FNDA:0,(anonymous_10)
FNDA:5,(anonymous_11)
FNDA:1,(anonymous_12)
FNDA:1,(anonymous_13)
FNDA:1,(anonymous_14)
FNDA:1,(anonymous_15)
FNDA:1,(anonymous_16)
FNDA:1,(anonymous_17)
FNDA:0,(anonymous_18)
FNDA:1,(anonymous_19)
FNDA:1,(anonymous_20)
FNDA:2,(anonymous_21)
DA:12,5
DA:14,12
DA:15,12
DA:16,12
DA:17,12
DA:18,12
DA:19,12
DA:20,12
DA:21,12
DA:22,12
DA:23,12
DA:24,12
DA:25,12
DA:26,12
DA:27,12
DA:28,12
DA:31,12
DA:44,1
DA:47,0
DA:48,0
DA:49,0
DA:50,0
DA:51,0
DA:52,0
DA:53,0
DA:58,0
DA:61,1
DA:64,1
DA:74,1
DA:84,0
DA:94,1
DA:104,0
DA:114,5
DA:115,5
DA:116,5
DA:117,5
DA:118,0
DA:120,5
DA:121,0
DA:125,1
DA:126,1
DA:127,1
DA:128,1
DA:129,1
DA:130,1
DA:131,1
DA:132,1
DA:133,1
DA:134,1
DA:135,1
DA:136,1
DA:137,1
DA:138,1
DA:139,0
DA:140,0
DA:141,0
DA:142,0
DA:143,0
DA:144,0
DA:147,0
DA:151,1
DA:152,1
DA:153,1
DA:159,1
DA:160,1
DA:161,1
DA:162,1
DA:163,1
DA:164,1
DA:165,1
DA:166,1
DA:167,1
DA:168,1
DA:169,1
DA:170,1
DA:171,1
DA:172,0
DA:173,0
DA:174,0
DA:175,0
DA:176,0
DA:177,0
DA:180,0
DA:184,1
DA:185,1
DA:186,1
DA:192,1
DA:193,1
DA:194,1
DA:195,1
DA:196,1
DA:197,1
DA:198,1
DA:199,1
DA:200,1
DA:201,1
DA:202,1
DA:203,1
DA:204,1
DA:205,1
DA:206,1
DA:207,1
DA:216,1
DA:217,1
DA:218,1
DA:219,1
DA:220,1
DA:221,1
DA:222,1
DA:223,1
DA:224,1
DA:225,1
DA:226,1
DA:227,1
DA:236,0
DA:240,1
DA:241,0
DA:242,0
DA:255,0
DA:256,0
DA:268,0
DA:269,0
DA:282,0
DA:295,1
DA:307,1
DA:308,1
DA:309,1
DA:310,1
DA:311,1
DA:312,1
DA:313,1
DA:314,1
DA:315,1
DA:319,5
DA:326,5
DA:333,5
LF:136
LH:102
BRDA:117,0,0,0
BRDA:117,0,1,5
BRDA:120,1,0,0
BRDA:120,1,1,5
BRDA:131,2,0,1
BRDA:131,2,1,0
BRDA:131,3,0,1
BRDA:131,3,1,1
BRDA:138,4,0,0
BRDA:138,4,1,1
BRDA:143,5,0,0
BRDA:143,5,1,0
BRDA:164,6,0,1
BRDA:164,6,1,0
BRDA:164,7,0,1
BRDA:164,7,1,1
BRDA:171,8,0,0
BRDA:171,8,1,1
BRDA:176,9,0,0
BRDA:176,9,1,0
BRDA:240,10,0,0
BRDA:240,10,1,1
BRDA:241,11,0,0
BRDA:241,11,1,0
BRDA:241,12,0,0
BRDA:241,12,1,0
BRDA:255,13,0,0
BRDA:255,13,1,0
BRDA:255,14,0,0
BRDA:255,14,1,0
BRDA:268,15,0,0
BRDA:268,15,1,0
BRDA:268,16,0,0
BRDA:268,16,1,0
BRF:34
BRH:11
end_of_record
TN:
SF:src\app\modules\admin\components\table-bussiness\table-bussiness.component.ts
FN:6,(anonymous_0)
FN:10,(anonymous_1)
FN:12,(anonymous_2)
FNF:3
FNH:3
FNDA:1,(anonymous_0)
FNDA:1,(anonymous_1)
FNDA:1,(anonymous_2)
DA:5,5
DA:7,1
DA:8,1
DA:12,5
DA:13,5
DA:16,5
LF:6
LH:6
BRF:0
BRH:0
end_of_record
TN:
SF:src\app\modules\admin\components\table-novelties\table-novelties.component.ts
FN:6,(anonymous_0)
FN:12,(anonymous_1)
FN:13,(anonymous_2)
FN:16,(anonymous_3)
FNF:4
FNH:2
FNDA:1,(anonymous_0)
FNDA:1,(anonymous_1)
FNDA:0,(anonymous_2)
FNDA:0,(anonymous_3)
DA:5,5
DA:7,1
DA:8,1
DA:9,1
DA:10,1
DA:14,0
DA:17,0
DA:20,5
DA:28,5
LF:9
LH:7
BRF:0
BRH:0
end_of_record
TN:
SF:src\app\modules\admin\components\table-users\table-users.component.ts
FN:6,(anonymous_0)
FN:24,(anonymous_1)
FN:25,(anonymous_2)
FN:28,(anonymous_3)
FN:35,(anonymous_4)
FN:39,(anonymous_5)
FNF:6
FNH:3
FNDA:18,(anonymous_0)
FNDA:18,(anonymous_1)
FNDA:0,(anonymous_2)
FNDA:0,(anonymous_3)
FNDA:0,(anonymous_4)
FNDA:1,(anonymous_5)
DA:5,5
DA:7,18
DA:8,18
DA:9,18
DA:10,18
DA:11,18
DA:26,0
DA:29,0
DA:33,0
DA:36,0
DA:39,5
DA:40,5
DA:49,5
LF:13
LH:9
BRF:0
BRH:0
end_of_record
TN:
SF:src\app\modules\admin\pages\add-edit-blog-admin\add-edit-blog-admin.component.ts
FN:12,(anonymous_0)
FN:68,(anonymous_1)
FN:76,(anonymous_2)
FN:90,(anonymous_3)
FN:100,(anonymous_4)
FN:106,(anonymous_5)
FN:126,(anonymous_6)
FN:130,(anonymous_7)
FN:156,(anonymous_8)
FN:170,(anonymous_9)
FN:188,(anonymous_10)
FN:191,(anonymous_11)
FN:204,(anonymous_12)
FN:213,(anonymous_13)
FN:220,(anonymous_14)
FNF:15
FNH:13
FNDA:2,(anonymous_0)
FNDA:2,(anonymous_1)
FNDA:1,(anonymous_2)
FNDA:1,(anonymous_3)
FNDA:1,(anonymous_4)
FNDA:1,(anonymous_5)
FNDA:1,(anonymous_6)
FNDA:1,(anonymous_7)
FNDA:0,(anonymous_8)
FNDA:2,(anonymous_9)
FNDA:2,(anonymous_10)
FNDA:0,(anonymous_11)
FNDA:1,(anonymous_12)
FNDA:1,(anonymous_13)
FNDA:1,(anonymous_14)
DA:10,5
DA:11,5
DA:13,2
DA:14,2
DA:15,2
DA:16,2
DA:17,2
DA:18,2
DA:19,2
DA:20,2
DA:21,2
DA:22,2
DA:23,2
DA:24,2
DA:25,2
DA:26,2
DA:27,2
DA:69,2
DA:77,1
DA:78,1
DA:79,1
DA:80,1
DA:81,1
DA:82,1
DA:83,1
DA:85,1
DA:86,0
DA:87,0
DA:91,1
DA:92,1
DA:93,1
DA:94,1
DA:95,1
DA:96,1
DA:97,1
DA:98,1
DA:99,1
DA:100,1
DA:101,1
DA:102,1
DA:107,1
DA:109,1
DA:110,1
DA:113,0
DA:115,1
DA:116,1
DA:117,1
DA:118,1
DA:119,1
DA:120,1
DA:121,0
DA:124,1
DA:126,1
DA:127,1
DA:131,1
DA:132,1
DA:133,1
DA:134,0
DA:135,0
DA:138,1
DA:139,0
DA:140,0
DA:141,0
DA:142,0
DA:145,1
DA:146,1
DA:147,1
DA:150,0
DA:151,0
DA:157,0
DA:158,0
DA:159,0
DA:162,0
DA:163,0
DA:165,0
DA:166,0
DA:167,0
DA:171,2
DA:172,2
DA:173,0
DA:175,2
DA:176,2
DA:177,0
DA:180,2
DA:183,2
DA:184,0
DA:185,0
DA:189,2
DA:192,0
DA:193,0
DA:194,0
DA:195,0
DA:196,0
DA:197,0
DA:200,0
DA:201,0
DA:205,1
DA:214,1
DA:215,1
DA:220,5
DA:225,5
LF:101
LH:69
BRDA:81,0,0,1
BRDA:81,0,1,0
BRDA:85,1,0,0
BRDA:85,1,1,1
BRDA:91,2,0,1
BRDA:91,2,1,0
BRDA:91,3,0,1
BRDA:91,3,1,1
BRDA:95,4,0,1
BRDA:95,4,1,0
BRDA:109,5,0,1
BRDA:109,5,1,0
BRDA:120,6,0,0
BRDA:120,6,1,1
BRDA:133,7,0,0
BRDA:133,7,1,1
BRDA:138,8,0,0
BRDA:138,8,1,1
BRDA:145,9,0,1
BRDA:145,9,1,0
BRDA:157,10,0,0
BRDA:157,10,1,0
BRDA:165,11,0,0
BRDA:165,11,1,0
BRDA:172,12,0,0
BRDA:172,12,1,2
BRDA:175,13,0,2
BRDA:175,13,1,0
BRDA:176,14,0,0
BRDA:176,14,1,2
BRDA:183,15,0,0
BRDA:183,15,1,2
BRDA:195,16,0,0
BRDA:195,16,1,0
BRDA:214,17,0,1
BRDA:214,17,1,0
BRF:36
BRH:16
end_of_record
TN:
SF:src\app\modules\admin\pages\audit\audit.component.ts
FN:13,(anonymous_0)
FN:55,(anonymous_1)
FN:62,(anonymous_2)
FN:66,(anonymous_3)
FN:72,(anonymous_4)
FN:87,(anonymous_5)
FN:98,(anonymous_6)
FN:105,(anonymous_7)
FN:112,(anonymous_8)
FN:124,(anonymous_9)
FN:132,(anonymous_10)
FN:137,(anonymous_11)
FN:141,(anonymous_12)
FNF:13
FNH:8
FNDA:3,(anonymous_0)
FNDA:3,(anonymous_1)
FNDA:3,(anonymous_2)
FNDA:1,(anonymous_3)
FNDA:1,(anonymous_4)
FNDA:0,(anonymous_5)
FNDA:0,(anonymous_6)
FNDA:0,(anonymous_7)
FNDA:0,(anonymous_8)
FNDA:0,(anonymous_9)
FNDA:1,(anonymous_10)
FNDA:3,(anonymous_11)
FNDA:1,(anonymous_12)
DA:12,5
DA:14,3
DA:15,3
DA:16,3
DA:17,3
DA:18,3
DA:19,3
DA:20,3
DA:21,3
DA:22,3
DA:23,3
DA:36,3
DA:56,3
DA:60,3
DA:63,3
DA:67,1
DA:68,1
DA:72,1
DA:73,1
DA:74,1
DA:75,1
DA:76,1
DA:77,1
DA:82,1
DA:83,0
DA:87,0
DA:88,0
DA:89,0
DA:90,0
DA:91,0
DA:92,0
DA:97,1
DA:98,0
DA:99,0
DA:100,0
DA:104,1
DA:105,0
DA:106,0
DA:107,0
DA:113,0
DA:114,0
DA:115,0
DA:116,0
DA:119,0
DA:120,0
DA:121,0
DA:125,0
DA:133,1
DA:138,3
DA:141,5
DA:148,5
LF:51
LH:30
BRDA:67,0,0,1
BRDA:67,0,1,0
BRDA:73,1,0,1
BRDA:73,1,1,0
BRDA:76,2,0,1
BRDA:76,2,1,0
BRDA:82,3,0,0
BRDA:82,3,1,1
BRDA:88,4,0,0
BRDA:88,4,1,0
BRDA:91,5,0,0
BRDA:91,5,1,0
BRDA:97,6,0,0
BRDA:97,6,1,1
BRDA:99,7,0,0
BRDA:99,7,1,0
BRDA:104,8,0,0
BRDA:104,8,1,1
BRDA:106,9,0,0
BRDA:106,9,1,0
BRDA:113,10,0,0
BRDA:113,10,1,0
BRDA:113,11,0,0
BRDA:113,11,1,0
BRF:24
BRH:6
end_of_record
TN:
SF:src\app\modules\admin\pages\blog-admin\blog-admin.component.ts
FN:11,(anonymous_0)
FN:19,(anonymous_1)
FN:23,(anonymous_2)
FN:26,(anonymous_3)
FN:31,(anonymous_4)
FN:47,(anonymous_5)
FN:56,(anonymous_6)
FN:58,(anonymous_7)
FN:64,(anonymous_8)
FN:68,(anonymous_9)
FN:73,(anonymous_10)
FN:78,(anonymous_11)
FN:87,(anonymous_12)
FNF:13
FNH:13
FNDA:2,(anonymous_0)
FNDA:2,(anonymous_1)
FNDA:2,(anonymous_2)
FNDA:4,(anonymous_3)
FNDA:4,(anonymous_4)
FNDA:1,(anonymous_5)
FNDA:1,(anonymous_6)
FNDA:1,(anonymous_7)
FNDA:1,(anonymous_8)
FNDA:1,(anonymous_9)
FNDA:1,(anonymous_10)
FNDA:1,(anonymous_11)
FNDA:1,(anonymous_12)
DA:10,5
DA:12,2
DA:13,2
DA:14,2
DA:15,2
DA:16,2
DA:17,2
DA:20,2
DA:21,2
DA:24,2
DA:27,4
DA:31,4
DA:32,4
DA:33,4
DA:34,4
DA:35,4
DA:36,8
DA:37,0
DA:40,8
DA:43,4
DA:44,4
DA:48,1
DA:57,1
DA:58,1
DA:59,1
DA:65,1
DA:66,1
DA:67,1
DA:68,1
DA:69,1
DA:70,1
DA:74,1
DA:79,1
DA:87,5
DA:93,5
LF:35
LH:34
BRDA:36,0,0,0
BRDA:36,0,1,8
BRDA:57,1,0,1
BRDA:57,1,1,0
BRF:4
BRH:2
end_of_record
TN:
SF:src\app\modules\admin\pages\business\business.component.ts
FN:10,(anonymous_0)
FN:16,(anonymous_1)
FN:20,(anonymous_2)
FN:28,(anonymous_3)
FN:33,(anonymous_4)
FN:34,(anonymous_5)
FN:40,(anonymous_6)
FN:45,(anonymous_7)
FN:49,(anonymous_8)
FN:50,(anonymous_9)
FN:54,(anonymous_10)
FN:62,(anonymous_11)
FN:66,(anonymous_12)
FN:78,(anonymous_13)
FN:82,(anonymous_14)
FNF:15
FNH:15
FNDA:6,(anonymous_0)
FNDA:6,(anonymous_1)
FNDA:6,(anonymous_2)
FNDA:4,(anonymous_3)
FNDA:2,(anonymous_4)
FNDA:2,(anonymous_5)
FNDA:1,(anonymous_6)
FNDA:1,(anonymous_7)
FNDA:6,(anonymous_8)
FNDA:6,(anonymous_9)
FNDA:2,(anonymous_10)
FNDA:2,(anonymous_11)
FNDA:2,(anonymous_12)
FNDA:6,(anonymous_13)
FNDA:1,(anonymous_14)
DA:9,5
DA:11,6
DA:12,6
DA:13,6
DA:14,6
DA:17,6
DA:18,6
DA:21,6
DA:29,4
DA:34,2
DA:35,2
DA:36,1
DA:41,1
DA:45,1
DA:46,1
DA:50,6
DA:51,6
DA:55,2
DA:56,2
DA:57,2
DA:58,2
DA:59,2
DA:60,2
DA:61,2
DA:62,2
DA:63,2
DA:64,2
DA:65,2
DA:66,2
DA:67,2
DA:68,2
DA:69,1
DA:72,1
DA:79,6
DA:82,5
DA:87,5
LF:36
LH:36
BRDA:35,0,0,1
BRDA:35,0,1,1
BRDA:57,1,0,2
BRDA:57,1,1,0
BRDA:57,2,0,2
BRDA:57,2,1,2
BRDA:68,3,0,1
BRDA:68,3,1,1
BRF:8
BRH:7
end_of_record
TN:
SF:src\app\modules\admin\pages\bussiness-admin\bussiness-admin.component.ts
FN:14,(anonymous_0)
FN:32,(anonymous_1)
FN:45,(anonymous_2)
FN:48,(anonymous_3)
FN:52,(anonymous_4)
FN:57,(anonymous_5)
FN:58,(anonymous_6)
FN:71,(anonymous_7)
FN:72,(anonymous_8)
FN:74,(anonymous_9)
FN:77,(anonymous_10)
FN:87,(anonymous_11)
FN:91,(anonymous_12)
FN:105,(anonymous_13)
FN:109,(anonymous_14)
FN:141,(anonymous_15)
FN:145,(anonymous_16)
FN:147,(anonymous_17)
FN:157,(anonymous_18)
FNF:19
FNH:0
FNDA:0,(anonymous_0)
FNDA:0,(anonymous_1)
FNDA:0,(anonymous_2)
FNDA:0,(anonymous_3)
FNDA:0,(anonymous_4)
FNDA:0,(anonymous_5)
FNDA:0,(anonymous_6)
FNDA:0,(anonymous_7)
FNDA:0,(anonymous_8)
FNDA:0,(anonymous_9)
FNDA:0,(anonymous_10)
FNDA:0,(anonymous_11)
FNDA:0,(anonymous_12)
FNDA:0,(anonymous_13)
FNDA:0,(anonymous_14)
FNDA:0,(anonymous_15)
FNDA:0,(anonymous_16)
FNDA:0,(anonymous_17)
FNDA:0,(anonymous_18)
DA:13,5
DA:15,0
DA:16,0
DA:17,0
DA:18,0
DA:19,0
DA:20,0
DA:21,0
DA:32,0
DA:33,0
DA:34,0
DA:35,0
DA:36,0
DA:39,0
DA:40,0
DA:41,0
DA:46,0
DA:49,0
DA:53,0
DA:54,0
DA:58,0
DA:59,0
DA:60,0
DA:61,0
DA:62,0
DA:63,0
DA:64,0
DA:69,0
DA:72,0
DA:75,0
DA:78,0
DA:79,0
DA:80,0
DA:86,0
DA:87,0
DA:88,0
DA:92,0
DA:93,0
DA:94,0
DA:95,0
DA:96,0
DA:105,0
DA:106,0
DA:110,0
DA:111,0
DA:112,0
DA:113,0
DA:114,0
DA:115,0
DA:116,0
DA:117,0
DA:118,0
DA:119,0
DA:120,0
DA:121,0
DA:122,0
DA:123,0
DA:141,0
DA:142,0
DA:146,0
DA:147,0
DA:148,0
DA:149,0
DA:152,0
DA:157,5
DA:162,5
DA:166,5
LF:67
LH:4
BRDA:33,0,0,0
BRDA:33,0,1,0
BRDA:33,1,0,0
BRDA:33,1,1,0
BRDA:33,1,2,0
BRDA:148,2,0,0
BRDA:148,2,1,0
BRF:7
BRH:0
end_of_record
TN:
SF:src\app\modules\admin\pages\commissions\commissions.component.ts
FN:20,(anonymous_0)
FN:57,(anonymous_1)
FN:68,(anonymous_2)
FN:73,(anonymous_3)
FN:86,(anonymous_4)
FN:89,(anonymous_5)
FN:101,(anonymous_6)
FN:107,(anonymous_7)
FN:121,(anonymous_8)
FN:138,(anonymous_9)
FN:143,(anonymous_10)
FN:144,(anonymous_11)
FN:150,(anonymous_12)
FN:157,(anonymous_13)
FN:165,(anonymous_14)
FN:171,(anonymous_15)
FN:186,(anonymous_16)
FN:205,(anonymous_17)
FN:211,(anonymous_18)
FN:215,(anonymous_19)
FN:223,(anonymous_20)
FN:228,(anonymous_21)
FN:232,(anonymous_22)
FN:237,(anonymous_23)
FN:243,(anonymous_24)
FN:247,(anonymous_25)
FN:253,(anonymous_26)
FN:260,(anonymous_27)
FNF:28
FNH:25
FNDA:7,(anonymous_0)
FNDA:7,(anonymous_1)
FNDA:3,(anonymous_2)
FNDA:7,(anonymous_3)
FNDA:7,(anonymous_4)
FNDA:10,(anonymous_5)
FNDA:10,(anonymous_6)
FNDA:1,(anonymous_7)
FNDA:1,(anonymous_8)
FNDA:1,(anonymous_9)
FNDA:741,(anonymous_10)
FNDA:171,(anonymous_11)
FNDA:1,(anonymous_12)
FNDA:0,(anonymous_13)
FNDA:2,(anonymous_14)
FNDA:1,(anonymous_15)
FNDA:1,(anonymous_16)
FNDA:2,(anonymous_17)
FNDA:0,(anonymous_18)
FNDA:2,(anonymous_19)
FNDA:1,(anonymous_20)
FNDA:1,(anonymous_21)
FNDA:1,(anonymous_22)
FNDA:1,(anonymous_23)
FNDA:1,(anonymous_24)
FNDA:1,(anonymous_25)
FNDA:0,(anonymous_26)
FNDA:1,(anonymous_27)
DA:18,5
DA:19,5
DA:21,7
DA:22,7
DA:23,7
DA:24,7
DA:25,7
DA:26,7
DA:27,7
DA:28,7
DA:29,7
DA:30,7
DA:31,7
DA:41,7
DA:42,7
DA:55,7
DA:56,7
DA:57,7
DA:58,7
DA:59,0
DA:61,7
DA:62,7
DA:64,7
DA:65,7
DA:69,3
DA:74,7
DA:75,7
DA:81,7
DA:84,7
DA:87,7
DA:90,10
DA:91,7
DA:92,7
DA:94,10
DA:97,10
DA:100,10
DA:101,10
DA:102,10
DA:103,10
DA:104,10
DA:108,1
DA:109,1
DA:110,1
DA:111,1
DA:112,1
DA:113,1
DA:122,1
DA:123,1
DA:127,1
DA:128,1
DA:129,1
DA:130,1
DA:139,1
DA:140,1
DA:141,38
DA:142,38
DA:143,741
DA:144,171
DA:145,38
DA:151,1
DA:152,1
DA:153,1
DA:154,1
DA:155,1
DA:158,0
DA:159,0
DA:160,0
DA:161,0
DA:163,0
DA:166,2
DA:167,2
DA:168,2
DA:169,2
DA:170,2
DA:171,1
DA:174,1
DA:175,1
DA:176,1
DA:179,0
DA:180,0
DA:182,1
DA:185,1
DA:186,1
DA:189,1
DA:190,1
DA:191,1
DA:194,0
DA:195,0
DA:197,1
DA:202,0
DA:206,2
DA:212,0
DA:216,2
DA:217,2
DA:218,2
DA:219,2
DA:221,0
DA:224,1
DA:228,1
DA:229,1
DA:233,1
DA:237,1
DA:238,1
DA:239,1
DA:240,1
DA:244,1
DA:247,1
DA:248,1
DA:249,1
DA:250,1
DA:254,0
DA:255,0
DA:256,0
DA:260,5
DA:269,5
DA:273,5
LF:116
LH:100
BRDA:58,0,0,0
BRDA:58,0,1,7
BRDA:58,1,0,7
BRDA:58,1,1,7
BRDA:64,2,0,7
BRDA:64,2,1,0
BRDA:89,3,0,9
BRDA:89,4,0,9
BRDA:89,5,0,10
BRDA:89,6,0,10
BRDA:90,7,0,7
BRDA:90,7,1,3
BRDA:94,8,0,3
BRDA:94,8,1,7
BRDA:97,9,0,3
BRDA:97,9,1,7
BRDA:124,10,0,1
BRDA:124,10,1,0
BRDA:128,11,0,1
BRDA:128,11,1,0
BRDA:143,12,0,38
BRDA:143,12,1,74
BRDA:160,13,0,0
BRDA:160,13,1,0
BRDA:167,14,0,2
BRDA:167,14,1,0
BRDA:170,15,0,1
BRDA:170,15,1,1
BRDA:174,16,0,1
BRDA:174,16,1,0
BRDA:185,17,0,1
BRDA:185,17,1,0
BRDA:189,18,0,1
BRDA:189,18,1,0
BRDA:218,19,0,2
BRDA:218,19,1,0
BRDA:218,20,0,2
BRDA:218,20,1,0
BRDA:255,21,0,0
BRDA:255,21,1,0
BRF:40
BRH:26
end_of_record
TN:
SF:src\app\modules\admin\pages\configurations\configurations.component.ts
FN:13,(anonymous_0)
FN:25,(anonymous_1)
FN:42,(anonymous_2)
FN:43,(anonymous_3)
FN:45,(anonymous_4)
FN:50,(anonymous_5)
FN:51,(anonymous_6)
FN:60,(anonymous_7)
FN:65,(anonymous_8)
FN:66,(anonymous_9)
FN:70,(anonymous_10)
FN:73,(anonymous_11)
FN:74,(anonymous_12)
FN:77,(anonymous_13)
FN:78,(anonymous_14)
FN:80,(anonymous_15)
FN:92,(anonymous_16)
FN:97,(anonymous_17)
FN:103,(anonymous_18)
FN:107,(anonymous_19)
FN:119,(anonymous_20)
FN:144,(anonymous_21)
FN:150,(anonymous_22)
FN:154,(anonymous_23)
FN:158,(anonymous_24)
FNF:25
FNH:21
FNDA:9,(anonymous_0)
FNDA:9,(anonymous_1)
FNDA:9,(anonymous_2)
FNDA:9,(anonymous_3)
FNDA:9,(anonymous_4)
FNDA:11,(anonymous_5)
FNDA:11,(anonymous_6)
FNDA:2,(anonymous_7)
FNDA:0,(anonymous_8)
FNDA:0,(anonymous_9)
FNDA:2,(anonymous_10)
FNDA:2,(anonymous_11)
FNDA:2,(anonymous_12)
FNDA:38,(anonymous_13)
FNDA:19,(anonymous_14)
FNDA:1,(anonymous_15)
FNDA:1,(anonymous_16)
FNDA:1,(anonymous_17)
FNDA:0,(anonymous_18)
FNDA:1,(anonymous_19)
FNDA:1,(anonymous_20)
FNDA:1,(anonymous_21)
FNDA:0,(anonymous_22)
FNDA:2,(anonymous_23)
FNDA:1,(anonymous_24)
DA:12,5
DA:14,9
DA:15,9
DA:16,9
DA:17,9
DA:18,9
DA:19,9
DA:20,9
DA:21,9
DA:22,9
DA:23,9
DA:26,9
DA:27,9
DA:30,9
DA:35,9
DA:36,9
DA:37,9
DA:38,9
DA:39,9
DA:40,9
DA:43,9
DA:44,9
DA:45,9
DA:46,9
DA:51,11
DA:52,11
DA:53,11
DA:56,0
DA:61,2
DA:66,0
DA:67,0
DA:71,2
DA:74,2
DA:75,2
DA:78,38
DA:81,1
DA:82,1
DA:83,1
DA:84,1
DA:85,1
DA:93,1
DA:97,1
DA:98,1
DA:99,1
DA:100,1
DA:102,1
DA:104,0
DA:108,1
DA:109,1
DA:110,1
DA:111,1
DA:120,1
DA:121,1
DA:122,1
DA:123,1
DA:124,1
DA:126,0
DA:127,0
DA:128,0
DA:130,0
DA:131,0
DA:132,0
DA:135,0
DA:136,0
DA:138,1
DA:144,1
DA:145,1
DA:146,1
DA:147,1
DA:149,1
DA:151,0
DA:155,2
DA:158,5
DA:165,5
DA:169,5
LF:75
LH:62
BRDA:52,0,0,11
BRDA:52,0,1,0
BRDA:78,1,0,38
BRDA:78,1,1,19
BRDA:98,2,0,1
BRDA:98,2,1,0
BRDA:123,3,0,1
BRDA:123,3,1,0
BRDA:126,4,0,0
BRDA:126,4,1,0
BRDA:130,5,0,0
BRDA:130,5,1,0
BRDA:145,6,0,1
BRDA:145,6,1,0
BRF:14
BRH:6
end_of_record
TN:
SF:src\app\modules\admin\pages\content-library\content-library.component.ts
FN:14,(anonymous_0)
FN:27,(anonymous_1)
FN:40,(anonymous_2)
FN:43,(anonymous_3)
FN:46,(anonymous_4)
FN:48,(anonymous_5)
FN:73,(anonymous_6)
FN:99,(anonymous_7)
FN:115,(anonymous_8)
FN:128,(anonymous_9)
FN:130,(anonymous_10)
FN:135,(anonymous_11)
FN:147,(anonymous_12)
FN:165,(anonymous_13)
FN:199,(anonymous_14)
FN:204,(anonymous_15)
FN:214,(anonymous_16)
FN:222,(anonymous_17)
FN:231,(anonymous_18)
FN:245,(anonymous_19)
FN:253,(anonymous_20)
FN:265,(anonymous_21)
FN:272,(anonymous_22)
FN:275,(anonymous_23)
FN:279,(anonymous_24)
FNF:25
FNH:21
FNDA:2,(anonymous_0)
FNDA:2,(anonymous_1)
FNDA:2,(anonymous_2)
FNDA:3,(anonymous_3)
FNDA:3,(anonymous_4)
FNDA:0,(anonymous_5)
FNDA:2,(anonymous_6)
FNDA:1,(anonymous_7)
FNDA:1,(anonymous_8)
FNDA:1,(anonymous_9)
FNDA:2,(anonymous_10)
FNDA:2,(anonymous_11)
FNDA:1,(anonymous_12)
FNDA:5,(anonymous_13)
FNDA:0,(anonymous_14)
FNDA:0,(anonymous_15)
FNDA:0,(anonymous_16)
FNDA:1,(anonymous_17)
FNDA:1,(anonymous_18)
FNDA:2,(anonymous_19)
FNDA:1,(anonymous_20)
FNDA:1,(anonymous_21)
FNDA:1,(anonymous_22)
FNDA:2,(anonymous_23)
FNDA:1,(anonymous_24)
DA:13,5
DA:15,2
DA:16,2
DA:17,2
DA:18,2
DA:19,2
DA:20,2
DA:21,2
DA:22,2
DA:23,2
DA:24,2
DA:25,2
DA:26,2
DA:27,2
DA:28,2
DA:29,2
DA:30,2
DA:31,2
DA:34,0
DA:35,0
DA:36,0
DA:41,2
DA:44,3
DA:45,3
DA:46,3
DA:47,3
DA:48,0
DA:49,0
DA:50,0
DA:51,0
DA:54,0
DA:55,0
DA:58,0
DA:59,0
DA:62,0
DA:64,0
DA:65,0
DA:68,0
DA:74,2
DA:75,1
DA:76,2
DA:78,1
DA:79,2
DA:81,1
DA:82,1
DA:83,1
DA:87,1
DA:88,2
DA:90,1
DA:91,2
DA:93,1
DA:94,1
DA:95,1
DA:100,1
DA:101,1
DA:102,1
DA:103,1
DA:104,1
DA:116,1
DA:117,1
DA:118,1
DA:119,1
DA:129,1
DA:130,1
DA:131,2
DA:132,1
DA:135,1
DA:136,2
DA:137,1
DA:140,1
DA:141,1
DA:144,0
DA:148,1
DA:149,1
DA:150,1
DA:151,1
DA:152,1
DA:153,1
DA:166,5
DA:167,5
DA:168,5
DA:169,5
DA:170,4
DA:173,1
DA:180,5
DA:181,1
DA:182,1
DA:189,4
DA:190,1
DA:191,1
DA:200,0
DA:205,0
DA:206,0
DA:207,0
DA:208,0
DA:209,0
DA:211,0
DA:212,0
DA:213,0
DA:214,0
DA:215,0
DA:216,0
DA:217,0
DA:223,1
DA:224,1
DA:225,1
DA:226,1
DA:227,1
DA:228,1
DA:229,1
DA:230,1
DA:231,1
DA:232,1
DA:233,1
DA:234,1
DA:235,1
DA:236,1
DA:237,1
DA:240,0
DA:246,2
DA:251,2
DA:254,1
DA:255,1
DA:256,2
DA:257,1
DA:260,1
DA:261,2
DA:262,1
DA:265,1
DA:266,1
DA:267,1
DA:268,1
DA:269,1
DA:273,1
DA:276,2
DA:279,5
DA:285,5
DA:291,5
LF:138
LH:108
BRDA:28,0,0,2
BRDA:28,0,1,0
BRDA:28,1,0,2
BRDA:28,1,1,2
BRDA:28,1,2,2
BRDA:47,2,0,0
BRDA:47,2,1,3
BRDA:49,3,0,0
BRDA:49,3,1,0
BRDA:58,4,0,0
BRDA:58,4,1,0
BRDA:64,5,0,0
BRDA:64,5,1,0
BRDA:74,6,0,1
BRDA:74,6,1,1
BRDA:81,7,0,1
BRDA:81,7,1,0
BRDA:81,8,0,1
BRDA:81,8,1,0
BRDA:93,9,0,1
BRDA:93,9,1,0
BRDA:93,10,0,1
BRDA:93,10,1,0
BRDA:131,11,0,1
BRDA:131,11,1,1
BRDA:136,12,0,1
BRDA:136,12,1,1
BRDA:140,13,0,1
BRDA:140,13,1,0
BRDA:169,14,0,4
BRDA:169,14,1,1
BRDA:169,15,0,5
BRDA:169,15,1,2
BRDA:169,15,2,2
BRDA:180,16,0,1
BRDA:180,16,1,4
BRDA:180,17,0,5
BRDA:180,17,1,2
BRDA:180,17,2,1
BRDA:189,18,0,1
BRDA:189,18,1,3
BRDA:189,19,0,4
BRDA:189,19,1,1
BRDA:213,20,0,0
BRDA:213,20,1,0
BRDA:215,21,0,0
BRDA:215,21,1,0
BRDA:226,22,0,1
BRDA:226,22,1,0
BRDA:226,23,0,1
BRDA:226,23,1,1
BRDA:233,24,0,1
BRDA:233,24,1,0
BRDA:256,25,0,1
BRDA:256,25,1,1
BRDA:261,26,0,1
BRDA:261,26,1,1
BRF:57
BRH:38
end_of_record
TN:
SF:src\app\modules\admin\pages\dashboard\dashboard.component.ts
FN:13,(anonymous_0)
FN:56,(anonymous_1)
FN:60,(anonymous_2)
FN:63,(anonymous_3)
FN:68,(anonymous_4)
FN:71,(anonymous_5)
FN:74,(anonymous_6)
FN:78,(anonymous_7)
FN:83,(anonymous_8)
FN:86,(anonymous_9)
FN:89,(anonymous_10)
FN:93,(anonymous_11)
FN:97,(anonymous_12)
FNF:13
FNH:13
FNDA:2,(anonymous_0)
FNDA:2,(anonymous_1)
FNDA:2,(anonymous_2)
FNDA:2,(anonymous_3)
FNDA:2,(anonymous_4)
FNDA:2,(anonymous_5)
FNDA:2,(anonymous_6)
FNDA:1,(anonymous_7)
FNDA:1,(anonymous_8)
FNDA:1,(anonymous_9)
FNDA:1,(anonymous_10)
FNDA:2,(anonymous_11)
FNDA:1,(anonymous_12)
DA:12,5
DA:14,2
DA:15,2
DA:16,2
DA:17,2
DA:18,2
DA:19,2
DA:20,2
DA:21,2
DA:22,2
DA:35,2
DA:45,2
DA:54,2
DA:57,2
DA:58,2
DA:61,2
DA:64,2
DA:68,2
DA:69,2
DA:71,2
DA:72,2
DA:74,2
DA:75,2
DA:79,1
DA:83,1
DA:84,1
DA:86,1
DA:87,1
DA:89,1
DA:90,1
DA:94,2
DA:97,5
DA:103,5
LF:33
LH:33
BRF:0
BRH:0
end_of_record
TN:
SF:src\app\modules\admin\pages\datail-news\datail-news.component.ts
FN:15,(anonymous_0)
FN:53,(anonymous_1)
FN:54,(anonymous_2)
FN:60,(anonymous_3)
FN:61,(anonymous_4)
FN:71,(anonymous_5)
FN:72,(anonymous_6)
FN:79,(anonymous_7)
FN:82,(anonymous_8)
FN:95,(anonymous_9)
FN:124,(anonymous_10)
FN:135,(anonymous_11)
FN:141,(anonymous_12)
FN:151,(anonymous_13)
FN:161,(anonymous_14)
FN:202,(anonymous_15)
FN:203,(anonymous_16)
FN:212,(anonymous_17)
FN:213,(anonymous_18)
FN:216,(anonymous_19)
FN:219,(anonymous_20)
FN:231,(anonymous_21)
FN:240,(anonymous_22)
FN:248,(anonymous_23)
FNF:24
FNH:0
FNDA:0,(anonymous_0)
FNDA:0,(anonymous_1)
FNDA:0,(anonymous_2)
FNDA:0,(anonymous_3)
FNDA:0,(anonymous_4)
FNDA:0,(anonymous_5)
FNDA:0,(anonymous_6)
FNDA:0,(anonymous_7)
FNDA:0,(anonymous_8)
FNDA:0,(anonymous_9)
FNDA:0,(anonymous_10)
FNDA:0,(anonymous_11)
FNDA:0,(anonymous_12)
FNDA:0,(anonymous_13)
FNDA:0,(anonymous_14)
FNDA:0,(anonymous_15)
FNDA:0,(anonymous_16)
FNDA:0,(anonymous_17)
FNDA:0,(anonymous_18)
FNDA:0,(anonymous_19)
FNDA:0,(anonymous_20)
FNDA:0,(anonymous_21)
FNDA:0,(anonymous_22)
FNDA:0,(anonymous_23)
DA:14,5
DA:16,0
DA:17,0
DA:18,0
DA:19,0
DA:20,0
DA:21,0
DA:22,0
DA:23,0
DA:45,0
DA:46,0
DA:47,0
DA:48,0
DA:49,0
DA:50,0
DA:51,0
DA:54,0
DA:55,0
DA:56,0
DA:61,0
DA:62,0
DA:63,0
DA:64,0
DA:65,0
DA:66,0
DA:67,0
DA:72,0
DA:73,0
DA:74,0
DA:75,0
DA:80,0
DA:83,0
DA:87,0
DA:88,0
DA:91,0
DA:92,0
DA:96,0
DA:97,0
DA:98,0
DA:99,0
DA:100,0
DA:103,0
DA:104,0
DA:105,0
DA:106,0
DA:117,0
DA:118,0
DA:121,0
DA:125,0
DA:126,0
DA:127,0
DA:128,0
DA:131,0
DA:136,0
DA:141,0
DA:142,0
DA:143,0
DA:144,0
DA:145,0
DA:152,0
DA:153,0
DA:154,0
DA:157,0
DA:159,0
DA:162,0
DA:164,0
DA:165,0
DA:166,0
DA:167,0
DA:168,0
DA:169,0
DA:171,0
DA:172,0
DA:173,0
DA:174,0
DA:175,0
DA:176,0
DA:178,0
DA:179,0
DA:180,0
DA:181,0
DA:182,0
DA:183,0
DA:185,0
DA:186,0
DA:187,0
DA:188,0
DA:189,0
DA:190,0
DA:192,0
DA:193,0
DA:194,0
DA:195,0
DA:196,0
DA:197,0
DA:199,0
DA:203,0
DA:204,0
DA:205,0
DA:206,0
DA:213,0
DA:214,0
DA:215,0
DA:217,0
DA:220,0
DA:232,0
DA:241,0
DA:242,0
DA:243,0
DA:244,0
DA:245,0
DA:248,5
DA:256,5
DA:259,5
LF:114
LH:4
BRDA:55,0,0,0
BRDA:55,0,1,0
BRDA:55,1,0,0
BRDA:55,1,1,0
BRDA:62,2,0,0
BRDA:62,2,1,0
BRDA:73,3,0,0
BRDA:73,3,1,0
BRDA:84,4,0,0
BRDA:84,4,1,0
BRDA:87,5,0,0
BRDA:87,5,1,0
BRDA:98,6,0,0
BRDA:98,6,1,0
BRDA:98,7,0,0
BRDA:98,7,1,0
BRDA:99,8,0,0
BRDA:99,8,1,0
BRDA:117,9,0,0
BRDA:117,9,1,0
BRDA:125,10,0,0
BRDA:125,10,1,0
BRDA:127,11,0,0
BRDA:127,11,1,0
BRDA:142,12,0,0
BRDA:142,12,1,0
BRDA:153,13,0,0
BRDA:153,13,1,0
BRDA:162,14,0,0
BRDA:162,14,1,0
BRDA:162,14,2,0
BRDA:162,14,3,0
BRDA:162,14,4,0
BRDA:162,14,5,0
BRDA:204,15,0,0
BRDA:204,15,1,0
BRDA:214,16,0,0
BRDA:214,16,1,0
BRDA:221,17,0,0
BRDA:221,17,1,0
BRF:40
BRH:0
end_of_record
TN:
SF:src\app\modules\admin\pages\dialog-commission\dialog-commission.component.ts
FN:13,(anonymous_0)
FN:21,(anonymous_1)
FN:34,(anonymous_2)
FN:39,(anonymous_3)
FN:40,(anonymous_4)
FN:48,(anonymous_5)
FN:56,(anonymous_6)
FN:57,(anonymous_7)
FN:66,(anonymous_8)
FN:93,(anonymous_9)
FN:94,(anonymous_10)
FN:99,(anonymous_11)
FN:100,(anonymous_12)
FN:105,(anonymous_13)
FN:108,(anonymous_14)
FN:119,(anonymous_15)
FN:123,(anonymous_16)
FN:126,(anonymous_17)
FN:135,(anonymous_18)
FN:138,(anonymous_19)
FN:151,(anonymous_20)
FNF:21
FNH:12
FNDA:3,(anonymous_0)
FNDA:3,(anonymous_1)
FNDA:3,(anonymous_2)
FNDA:0,(anonymous_3)
FNDA:0,(anonymous_4)
FNDA:2,(anonymous_5)
FNDA:2,(anonymous_6)
FNDA:2,(anonymous_7)
FNDA:1,(anonymous_8)
FNDA:1,(anonymous_9)
FNDA:1,(anonymous_10)
FNDA:0,(anonymous_11)
FNDA:0,(anonymous_12)
FNDA:0,(anonymous_13)
FNDA:0,(anonymous_14)
FNDA:0,(anonymous_15)
FNDA:0,(anonymous_16)
FNDA:1,(anonymous_17)
FNDA:1,(anonymous_18)
FNDA:0,(anonymous_19)
FNDA:1,(anonymous_20)
DA:12,5
DA:14,3
DA:15,3
DA:16,3
DA:17,3
DA:18,3
DA:19,3
DA:20,3
DA:21,3
DA:22,3
DA:23,3
DA:24,3
DA:25,3
DA:28,0
DA:29,0
DA:30,0
DA:35,3
DA:36,0
DA:40,0
DA:41,0
DA:42,0
DA:43,0
DA:44,0
DA:46,0
DA:49,2
DA:50,1
DA:53,1
DA:57,2
DA:58,2
DA:59,2
DA:60,2
DA:61,2
DA:62,0
DA:67,1
DA:68,1
DA:69,1
DA:77,0
DA:84,1
DA:85,1
DA:86,1
DA:94,1
DA:95,1
DA:96,1
DA:100,0
DA:101,0
DA:102,0
DA:106,0
DA:109,0
DA:110,0
DA:111,0
DA:112,0
DA:113,0
DA:119,0
DA:120,0
DA:124,0
DA:127,1
DA:136,1
DA:137,1
DA:138,1
DA:139,0
DA:140,0
DA:144,0
DA:145,0
DA:151,5
DA:156,5
DA:160,5
LF:66
LH:38
BRDA:22,0,0,3
BRDA:22,0,1,0
BRDA:22,1,0,3
BRDA:22,1,1,3
BRDA:22,1,2,3
BRDA:35,2,0,0
BRDA:35,2,1,3
BRDA:49,3,0,1
BRDA:49,3,1,1
BRDA:49,4,0,2
BRDA:49,4,1,1
BRDA:68,5,0,1
BRDA:68,5,1,0
BRDA:136,6,0,1
BRDA:136,6,1,0
BRDA:137,7,0,1
BRDA:137,7,1,0
BRF:17
BRH:12
end_of_record
TN:
SF:src\app\modules\admin\pages\edit-blog-admin\edit-blog-admin.component.ts
FN:13,(anonymous_0)
FN:72,(anonymous_1)
FN:81,(anonymous_2)
FN:90,(anonymous_3)
FN:110,(anonymous_4)
FN:120,(anonymous_5)
FN:126,(anonymous_6)
FN:142,(anonymous_7)
FN:146,(anonymous_8)
FN:149,(anonymous_9)
FN:169,(anonymous_10)
FN:183,(anonymous_11)
FN:192,(anonymous_12)
FN:194,(anonymous_13)
FN:200,(anonymous_14)
FN:214,(anonymous_15)
FN:240,(anonymous_16)
FN:252,(anonymous_17)
FN:265,(anonymous_18)
FN:285,(anonymous_19)
FN:289,(anonymous_20)
FNF:21
FNH:19
FNDA:2,(anonymous_0)
FNDA:2,(anonymous_1)
FNDA:2,(anonymous_2)
FNDA:2,(anonymous_3)
FNDA:1,(anonymous_4)
FNDA:1,(anonymous_5)
FNDA:1,(anonymous_6)
FNDA:1,(anonymous_7)
FNDA:2,(anonymous_8)
FNDA:1,(anonymous_9)
FNDA:1,(anonymous_10)
FNDA:1,(anonymous_11)
FNDA:1,(anonymous_12)
FNDA:1,(anonymous_13)
FNDA:1,(anonymous_14)
FNDA:1,(anonymous_15)
FNDA:1,(anonymous_16)
FNDA:0,(anonymous_17)
FNDA:0,(anonymous_18)
FNDA:2,(anonymous_19)
FNDA:1,(anonymous_20)
DA:11,5
DA:12,5
DA:14,2
DA:15,2
DA:16,2
DA:17,2
DA:18,2
DA:19,2
DA:20,2
DA:21,2
DA:22,2
DA:23,2
DA:24,2
DA:25,2
DA:26,2
DA:27,2
DA:28,2
DA:29,2
DA:69,2
DA:70,2
DA:71,2
DA:72,2
DA:73,2
DA:74,2
DA:77,0
DA:82,2
DA:88,2
DA:89,2
DA:90,2
DA:91,2
DA:92,2
DA:93,2
DA:94,2
DA:95,2
DA:96,2
DA:97,0
DA:98,0
DA:99,0
DA:101,2
DA:102,0
DA:103,0
DA:104,0
DA:106,2
DA:107,2
DA:111,1
DA:112,1
DA:113,1
DA:114,1
DA:115,1
DA:116,1
DA:117,1
DA:118,1
DA:119,1
DA:120,1
DA:121,1
DA:122,1
DA:127,1
DA:129,1
DA:130,1
DA:133,0
DA:135,1
DA:136,1
DA:137,1
DA:138,1
DA:139,1
DA:140,1
DA:141,1
DA:142,1
DA:143,1
DA:147,2
DA:150,1
DA:151,1
DA:152,0
DA:154,1
DA:155,0
DA:158,1
DA:160,1
DA:161,0
DA:162,0
DA:164,1
DA:165,0
DA:166,0
DA:170,1
DA:171,0
DA:172,0
DA:175,1
DA:176,1
DA:178,1
DA:179,0
DA:180,0
DA:184,1
DA:193,1
DA:194,1
DA:195,1
DA:201,1
DA:202,1
DA:203,1
DA:204,1
DA:205,1
DA:206,1
DA:207,1
DA:209,1
DA:210,0
DA:211,0
DA:215,1
DA:216,1
DA:217,1
DA:218,0
DA:219,0
DA:222,1
DA:223,0
DA:224,0
DA:225,0
DA:226,0
DA:229,1
DA:230,1
DA:231,1
DA:234,0
DA:235,0
DA:241,1
DA:242,0
DA:244,1
DA:245,0
DA:247,1
DA:248,0
DA:249,0
DA:253,0
DA:254,0
DA:255,0
DA:256,0
DA:257,0
DA:258,0
DA:261,0
DA:262,0
DA:266,0
DA:267,0
DA:268,0
DA:269,0
DA:270,0
DA:271,0
DA:272,0
DA:275,0
DA:276,0
DA:277,0
DA:281,0
DA:282,0
DA:286,2
DA:289,5
DA:295,5
LF:149
LH:97
BRDA:73,0,0,2
BRDA:73,0,1,0
BRDA:73,1,0,2
BRDA:73,1,1,2
BRDA:73,1,2,2
BRDA:96,2,0,0
BRDA:96,2,1,2
BRDA:101,3,0,0
BRDA:101,3,1,2
BRDA:111,4,0,1
BRDA:111,4,1,0
BRDA:111,5,0,1
BRDA:111,5,1,1
BRDA:115,6,0,1
BRDA:115,6,1,0
BRDA:129,7,0,1
BRDA:129,7,1,0
BRDA:151,8,0,0
BRDA:151,8,1,1
BRDA:154,9,0,0
BRDA:154,9,1,1
BRDA:160,10,0,0
BRDA:160,10,1,1
BRDA:164,11,0,0
BRDA:164,11,1,1
BRDA:170,12,0,0
BRDA:170,12,1,1
BRDA:178,13,0,0
BRDA:178,13,1,1
BRDA:193,14,0,1
BRDA:193,14,1,0
BRDA:205,15,0,1
BRDA:205,15,1,0
BRDA:209,16,0,0
BRDA:209,16,1,1
BRDA:217,17,0,0
BRDA:217,17,1,1
BRDA:222,18,0,0
BRDA:222,18,1,1
BRDA:229,19,0,1
BRDA:229,19,1,0
BRDA:241,20,0,0
BRDA:241,20,1,1
BRDA:241,21,0,1
BRDA:241,21,1,1
BRDA:244,22,0,0
BRDA:244,22,1,1
BRDA:244,23,0,1
BRDA:244,23,1,0
BRDA:247,24,0,0
BRDA:247,24,1,1
BRDA:256,25,0,0
BRDA:256,25,1,0
BRDA:268,26,0,0
BRDA:268,26,1,0
BRDA:269,27,0,0
BRDA:269,27,1,0
BRF:57
BRH:29
end_of_record
TN:
SF:src\app\modules\admin\pages\help-center\help-center.component.ts
FN:6,(anonymous_0)
FN:7,(anonymous_1)
FN:9,(anonymous_2)
FNF:3
FNH:3
FNDA:1,(anonymous_0)
FNDA:1,(anonymous_1)
FNDA:1,(anonymous_2)
DA:5,5
DA:9,5
DA:10,5
LF:3
LH:3
BRF:0
BRH:0
end_of_record
TN:
SF:src\app\modules\admin\pages\information-bussiness\information-bussiness.component.ts
FN:14,(anonymous_0)
FN:38,(anonymous_1)
FN:52,(anonymous_2)
FN:53,(anonymous_3)
FN:54,(anonymous_4)
FN:67,(anonymous_5)
FN:68,(anonymous_6)
FN:81,(anonymous_7)
FN:82,(anonymous_8)
FN:84,(anonymous_9)
FN:89,(anonymous_10)
FN:93,(anonymous_11)
FN:110,(anonymous_12)
FN:130,(anonymous_13)
FN:134,(anonymous_14)
FN:137,(anonymous_15)
FN:144,(anonymous_16)
FN:162,(anonymous_17)
FN:168,(anonymous_18)
FN:174,(anonymous_19)
FN:192,(anonymous_20)
FN:199,(anonymous_21)
FN:205,(anonymous_22)
FN:214,(anonymous_23)
FN:216,(anonymous_24)
FN:222,(anonymous_25)
FN:231,(anonymous_26)
FNF:27
FNH:24
FNDA:3,(anonymous_0)
FNDA:3,(anonymous_1)
FNDA:3,(anonymous_2)
FNDA:4,(anonymous_3)
FNDA:4,(anonymous_4)
FNDA:0,(anonymous_5)
FNDA:0,(anonymous_6)
FNDA:1,(anonymous_7)
FNDA:1,(anonymous_8)
FNDA:1,(anonymous_9)
FNDA:1,(anonymous_10)
FNDA:5,(anonymous_11)
FNDA:1,(anonymous_12)
FNDA:1,(anonymous_13)
FNDA:1,(anonymous_14)
FNDA:1,(anonymous_15)
FNDA:0,(anonymous_16)
FNDA:1,(anonymous_17)
FNDA:1,(anonymous_18)
FNDA:1,(anonymous_19)
FNDA:1,(anonymous_20)
FNDA:1,(anonymous_21)
FNDA:1,(anonymous_22)
FNDA:1,(anonymous_23)
FNDA:1,(anonymous_24)
FNDA:2,(anonymous_25)
FNDA:1,(anonymous_26)
DA:13,5
DA:15,3
DA:16,3
DA:17,3
DA:18,3
DA:19,3
DA:20,3
DA:21,3
DA:22,3
DA:26,3
DA:31,3
DA:34,3
DA:38,3
DA:39,3
DA:40,3
DA:41,3
DA:42,3
DA:45,0
DA:46,0
DA:47,0
DA:48,0
DA:54,4
DA:55,4
DA:56,4
DA:57,4
DA:58,4
DA:59,4
DA:60,4
DA:61,4
DA:62,4
DA:63,4
DA:68,0
DA:69,0
DA:70,0
DA:71,0
DA:72,0
DA:73,0
DA:74,0
DA:79,0
DA:82,1
DA:85,1
DA:89,1
DA:90,1
DA:94,5
DA:95,4
DA:102,1
DA:111,1
DA:116,1
DA:117,1
DA:122,1
DA:123,1
DA:128,1
DA:129,1
DA:130,1
DA:131,1
DA:135,1
DA:138,1
DA:139,0
DA:147,1
DA:148,1
DA:149,1
DA:150,1
DA:151,1
DA:163,1
DA:168,1
DA:169,1
DA:170,1
DA:171,1
DA:175,1
DA:176,1
DA:177,1
DA:178,1
DA:179,1
DA:180,1
DA:181,1
DA:182,1
DA:193,1
DA:199,1
DA:200,1
DA:201,1
DA:202,1
DA:206,1
DA:215,1
DA:216,1
DA:217,1
DA:223,2
DA:231,5
DA:237,5
DA:242,5
LF:89
LH:76
BRDA:39,0,0,3
BRDA:39,0,1,0
BRDA:39,1,0,3
BRDA:39,1,1,3
BRDA:39,1,2,3
BRDA:57,2,0,4
BRDA:57,2,1,0
BRDA:94,3,0,4
BRDA:94,3,1,1
BRDA:138,4,0,0
BRDA:138,4,1,1
BRDA:215,5,0,1
BRDA:215,5,1,0
BRF:13
BRH:9
end_of_record
TN:
SF:src\app\modules\admin\pages\legales\legales.component.ts
FN:10,(anonymous_0)
FN:60,(anonymous_1)
FN:68,(anonymous_2)
FN:71,(anonymous_3)
FN:72,(anonymous_4)
FN:85,(anonymous_5)
FN:97,(anonymous_6)
FN:103,(anonymous_7)
FN:109,(anonymous_8)
FN:115,(anonymous_9)
FN:121,(anonymous_10)
FN:126,(anonymous_11)
FN:127,(anonymous_12)
FN:133,(anonymous_13)
FN:142,(anonymous_14)
FN:151,(anonymous_15)
FN:160,(anonymous_16)
FN:169,(anonymous_17)
FN:178,(anonymous_18)
FN:204,(anonymous_19)
FNF:20
FNH:0
FNDA:0,(anonymous_0)
FNDA:0,(anonymous_1)
FNDA:0,(anonymous_2)
FNDA:0,(anonymous_3)
FNDA:0,(anonymous_4)
FNDA:0,(anonymous_5)
FNDA:0,(anonymous_6)
FNDA:0,(anonymous_7)
FNDA:0,(anonymous_8)
FNDA:0,(anonymous_9)
FNDA:0,(anonymous_10)
FNDA:0,(anonymous_11)
FNDA:0,(anonymous_12)
FNDA:0,(anonymous_13)
FNDA:0,(anonymous_14)
FNDA:0,(anonymous_15)
FNDA:0,(anonymous_16)
FNDA:0,(anonymous_17)
FNDA:0,(anonymous_18)
FNDA:0,(anonymous_19)
DA:9,5
DA:11,0
DA:12,0
DA:13,0
DA:14,0
DA:15,0
DA:55,0
DA:56,0
DA:57,0
DA:58,0
DA:61,0
DA:62,0
DA:63,0
DA:64,0
DA:65,0
DA:66,0
DA:69,0
DA:72,0
DA:73,0
DA:74,0
DA:75,0
DA:76,0
DA:77,0
DA:78,0
DA:79,0
DA:80,0
DA:81,0
DA:82,0
DA:83,0
DA:84,0
DA:85,0
DA:86,0
DA:87,0
DA:88,0
DA:89,0
DA:90,0
DA:91,0
DA:92,0
DA:93,0
DA:98,0
DA:104,0
DA:110,0
DA:116,0
DA:122,0
DA:127,0
DA:128,0
DA:129,0
DA:134,0
DA:135,0
DA:136,0
DA:139,0
DA:143,0
DA:144,0
DA:145,0
DA:148,0
DA:152,0
DA:153,0
DA:154,0
DA:157,0
DA:161,0
DA:162,0
DA:163,0
DA:166,0
DA:170,0
DA:176,0
DA:179,0
DA:180,0
DA:181,0
DA:182,0
DA:184,0
DA:185,0
DA:186,0
DA:187,0
DA:189,0
DA:190,0
DA:191,0
DA:192,0
DA:194,0
DA:195,0
DA:196,0
DA:197,0
DA:200,0
DA:204,5
DA:210,5
LF:84
LH:3
BRDA:128,0,0,0
BRDA:128,0,1,0
BRDA:135,1,0,0
BRDA:135,1,1,0
BRDA:144,2,0,0
BRDA:144,2,1,0
BRDA:153,3,0,0
BRDA:153,3,1,0
BRDA:162,4,0,0
BRDA:162,4,1,0
BRDA:179,5,0,0
BRDA:179,5,1,0
BRDA:184,6,0,0
BRDA:184,6,1,0
BRDA:189,7,0,0
BRDA:189,7,1,0
BRDA:194,8,0,0
BRDA:194,8,1,0
BRF:18
BRH:0
end_of_record
TN:
SF:src\app\modules\admin\pages\link-generator\link-generator.component.ts
FN:9,(anonymous_0)
FN:17,(anonymous_1)
FN:21,(anonymous_2)
FN:24,(anonymous_3)
FN:25,(anonymous_4)
FN:29,(anonymous_5)
FN:30,(anonymous_6)
FN:37,(anonymous_7)
FN:41,(anonymous_8)
FNF:9
FNH:9
FNDA:2,(anonymous_0)
FNDA:2,(anonymous_1)
FNDA:2,(anonymous_2)
FNDA:2,(anonymous_3)
FNDA:2,(anonymous_4)
FNDA:1,(anonymous_5)
FNDA:1,(anonymous_6)
FNDA:2,(anonymous_7)
FNDA:1,(anonymous_8)
DA:8,5
DA:10,2
DA:11,2
DA:12,2
DA:13,2
DA:14,2
DA:15,2
DA:18,2
DA:19,2
DA:22,2
DA:25,2
DA:26,2
DA:30,1
DA:31,1
DA:32,1
DA:33,1
DA:38,2
DA:41,5
DA:45,5
LF:19
LH:19
BRDA:32,0,0,1
BRDA:32,0,1,0
BRF:2
BRH:1
end_of_record
TN:
SF:src\app\modules\admin\pages\manage-comision-bussiness\manage-comision-bussiness.component.ts
FN:14,(anonymous_0)
FN:62,(anonymous_1)
FN:75,(anonymous_2)
FN:78,(anonymous_3)
FN:87,(anonymous_4)
FN:98,(anonymous_5)
FN:107,(anonymous_6)
FN:114,(anonymous_7)
FN:120,(anonymous_8)
FN:123,(anonymous_9)
FN:143,(anonymous_10)
FN:153,(anonymous_11)
FN:164,(anonymous_12)
FN:179,(anonymous_13)
FN:186,(anonymous_14)
FN:204,(anonymous_15)
FN:209,(anonymous_16)
FN:212,(anonymous_17)
FN:220,(anonymous_18)
FN:226,(anonymous_19)
FNF:20
FNH:18
FNDA:6,(anonymous_0)
FNDA:6,(anonymous_1)
FNDA:6,(anonymous_2)
FNDA:1,(anonymous_3)
FNDA:1,(anonymous_4)
FNDA:1,(anonymous_5)
FNDA:1,(anonymous_6)
FNDA:1,(anonymous_7)
FNDA:1,(anonymous_8)
FNDA:1,(anonymous_9)
FNDA:1,(anonymous_10)
FNDA:1,(anonymous_11)
FNDA:1,(anonymous_12)
FNDA:1,(anonymous_13)
FNDA:11,(anonymous_14)
FNDA:11,(anonymous_15)
FNDA:1,(anonymous_16)
FNDA:0,(anonymous_17)
FNDA:0,(anonymous_18)
FNDA:1,(anonymous_19)
DA:13,5
DA:15,6
DA:16,6
DA:17,6
DA:18,6
DA:19,6
DA:20,6
DA:21,6
DA:22,6
DA:23,6
DA:46,6
DA:47,6
DA:48,6
DA:49,6
DA:50,6
DA:56,6
DA:62,6
DA:63,6
DA:64,6
DA:65,6
DA:66,6
DA:69,0
DA:70,0
DA:71,0
DA:76,6
DA:79,1
DA:87,1
DA:88,1
DA:89,0
DA:92,1
DA:93,1
DA:94,1
DA:99,1
DA:108,1
DA:109,1
DA:115,1
DA:121,1
DA:124,1
DA:125,1
DA:126,1
DA:127,1
DA:128,1
DA:129,1
DA:130,1
DA:131,1
DA:132,1
DA:133,1
DA:144,1
DA:153,1
DA:154,1
DA:155,0
DA:158,1
DA:159,1
DA:160,1
DA:165,1
DA:166,1
DA:167,1
DA:168,1
DA:169,1
DA:180,1
DA:181,1
DA:182,1
DA:183,1
DA:184,1
DA:187,11
DA:188,6
DA:189,6
DA:191,11
DA:192,11
DA:193,11
DA:194,11
DA:204,11
DA:205,11
DA:206,11
DA:210,1
DA:213,0
DA:214,0
DA:215,0
DA:216,0
DA:218,0
DA:221,0
DA:226,5
DA:233,5
DA:237,5
LF:84
LH:73
BRDA:63,0,0,6
BRDA:63,0,1,0
BRDA:63,1,0,6
BRDA:63,1,1,6
BRDA:63,1,2,6
BRDA:88,2,0,0
BRDA:88,2,1,1
BRDA:108,3,0,1
BRDA:108,3,1,0
BRDA:154,4,0,0
BRDA:154,4,1,1
BRDA:186,5,0,9
BRDA:186,6,0,9
BRDA:186,7,0,11
BRDA:186,8,0,11
BRDA:187,9,0,6
BRDA:187,9,1,5
BRDA:215,10,0,0
BRDA:215,10,1,0
BRF:19
BRH:13
end_of_record
TN:
SF:src\app\modules\admin\pages\navigation\navigation.component.ts
FN:8,(anonymous_0)
FN:13,(anonymous_1)
FN:16,(anonymous_2)
FN:17,(anonymous_3)
FN:21,(anonymous_4)
FN:25,(anonymous_5)
FNF:6
FNH:6
FNDA:1,(anonymous_0)
FNDA:1,(anonymous_1)
FNDA:1,(anonymous_2)
FNDA:1,(anonymous_3)
FNDA:1,(anonymous_4)
FNDA:1,(anonymous_5)
DA:7,5
DA:9,1
DA:10,1
DA:11,1
DA:14,1
DA:17,1
DA:18,1
DA:22,1
DA:25,5
DA:28,5
DA:31,5
LF:11
LH:11
BRF:0
BRH:0
end_of_record
TN:
SF:src\app\modules\admin\pages\news-admin\news-admin.component.ts
FN:18,(anonymous_0)
FN:117,(anonymous_1)
FN:128,(anonymous_2)
FN:133,(anonymous_3)
FN:143,(anonymous_4)
FN:146,(anonymous_5)
FN:147,(anonymous_6)
FN:148,(anonymous_7)
FN:161,(anonymous_8)
FN:166,(anonymous_9)
FN:176,(anonymous_10)
FN:181,(anonymous_11)
FN:184,(anonymous_12)
FN:186,(anonymous_13)
FN:192,(anonymous_14)
FN:198,(anonymous_15)
FN:206,(anonymous_16)
FN:218,(anonymous_17)
FN:221,(anonymous_18)
FN:235,(anonymous_19)
FN:242,(anonymous_20)
FNF:21
FNH:0
FNDA:0,(anonymous_0)
FNDA:0,(anonymous_1)
FNDA:0,(anonymous_2)
FNDA:0,(anonymous_3)
FNDA:0,(anonymous_4)
FNDA:0,(anonymous_5)
FNDA:0,(anonymous_6)
FNDA:0,(anonymous_7)
FNDA:0,(anonymous_8)
FNDA:0,(anonymous_9)
FNDA:0,(anonymous_10)
FNDA:0,(anonymous_11)
FNDA:0,(anonymous_12)
FNDA:0,(anonymous_13)
FNDA:0,(anonymous_14)
FNDA:0,(anonymous_15)
FNDA:0,(anonymous_16)
FNDA:0,(anonymous_17)
FNDA:0,(anonymous_18)
FNDA:0,(anonymous_19)
FNDA:0,(anonymous_20)
DA:16,5
DA:17,5
DA:19,0
DA:20,0
DA:21,0
DA:22,0
DA:23,0
DA:24,0
DA:25,0
DA:26,0
DA:27,0
DA:28,0
DA:29,0
DA:30,0
DA:31,0
DA:43,0
DA:70,0
DA:102,0
DA:103,0
DA:116,0
DA:117,0
DA:118,0
DA:119,0
DA:121,0
DA:122,0
DA:124,0
DA:125,0
DA:129,0
DA:134,0
DA:135,0
DA:138,0
DA:139,0
DA:140,0
DA:141,0
DA:144,0
DA:147,0
DA:148,0
DA:149,0
DA:150,0
DA:158,0
DA:161,0
DA:162,0
DA:167,0
DA:168,0
DA:169,0
DA:170,0
DA:171,0
DA:172,0
DA:173,0
DA:174,0
DA:176,0
DA:177,0
DA:178,0
DA:182,0
DA:185,0
DA:186,0
DA:187,0
DA:188,0
DA:193,0
DA:194,0
DA:195,0
DA:196,0
DA:199,0
DA:200,0
DA:201,0
DA:202,0
DA:204,0
DA:207,0
DA:208,0
DA:209,0
DA:219,0
DA:222,0
DA:234,0
DA:235,0
DA:236,0
DA:237,0
DA:239,0
DA:242,5
DA:252,5
DA:255,5
LF:80
LH:5
BRDA:118,0,0,0
BRDA:118,0,1,0
BRDA:118,1,0,0
BRDA:118,1,1,0
BRDA:124,2,0,0
BRDA:124,2,1,0
BRDA:149,3,0,0
BRDA:149,3,1,0
BRDA:149,4,0,0
BRDA:149,4,1,0
BRDA:151,5,0,0
BRDA:151,5,1,0
BRDA:152,6,0,0
BRDA:152,6,1,0
BRDA:153,7,0,0
BRDA:153,7,1,0
BRDA:154,8,0,0
BRDA:154,8,1,0
BRDA:158,9,0,0
BRDA:158,9,1,0
BRDA:166,10,0,0
BRDA:166,11,0,0
BRDA:166,12,0,0
BRDA:166,13,0,0
BRDA:172,14,0,0
BRDA:172,14,1,0
BRDA:187,15,0,0
BRDA:187,15,1,0
BRDA:201,16,0,0
BRDA:201,16,1,0
BRF:30
BRH:0
end_of_record
TN:
SF:src\app\modules\admin\pages\news-admin\dialog-filter-novelties\dialog-filter-novelties.component.ts
FN:10,(anonymous_0)
FN:45,(anonymous_1)
FN:65,(anonymous_2)
FN:66,(anonymous_3)
FN:70,(anonymous_4)
FN:73,(anonymous_5)
FN:76,(anonymous_6)
FN:83,(anonymous_7)
FN:91,(anonymous_8)
FN:97,(anonymous_9)
FN:99,(anonymous_10)
FN:117,(anonymous_11)
FN:120,(anonymous_12)
FN:133,(anonymous_13)
FNF:14
FNH:9
FNDA:4,(anonymous_0)
FNDA:4,(anonymous_1)
FNDA:5,(anonymous_2)
FNDA:5,(anonymous_3)
FNDA:0,(anonymous_4)
FNDA:4,(anonymous_5)
FNDA:1,(anonymous_6)
FNDA:4,(anonymous_7)
FNDA:0,(anonymous_8)
FNDA:0,(anonymous_9)
FNDA:0,(anonymous_10)
FNDA:0,(anonymous_11)
FNDA:1,(anonymous_12)
FNDA:1,(anonymous_13)
DA:9,5
DA:11,4
DA:12,4
DA:13,4
DA:26,4
DA:27,4
DA:28,4
DA:29,4
DA:36,4
DA:37,4
DA:38,4
DA:39,4
DA:40,4
DA:41,4
DA:42,4
DA:43,4
DA:46,4
DA:47,4
DA:48,4
DA:49,4
DA:50,4
DA:51,0
DA:52,0
DA:53,0
DA:54,0
DA:55,0
DA:60,4
DA:61,3
DA:62,3
DA:66,5
DA:67,5
DA:71,0
DA:74,4
DA:77,1
DA:78,1
DA:79,1
DA:80,1
DA:81,1
DA:84,4
DA:92,0
DA:93,0
DA:94,0
DA:98,0
DA:99,0
DA:100,0
DA:102,0
DA:105,0
DA:108,0
DA:114,0
DA:115,0
DA:118,0
DA:121,1
DA:122,1
DA:123,1
DA:126,0
DA:127,0
DA:130,1
DA:133,5
DA:137,5
DA:141,5
LF:60
LH:40
BRDA:50,0,0,0
BRDA:50,0,1,4
BRDA:53,1,0,0
BRDA:53,1,1,0
BRDA:54,2,0,0
BRDA:54,2,1,0
BRDA:60,3,0,3
BRDA:60,3,1,1
BRDA:93,4,0,0
BRDA:93,4,1,0
BRDA:102,5,0,0
BRDA:102,5,1,0
BRDA:102,5,2,0
BRDA:105,6,0,0
BRDA:105,6,1,0
BRDA:105,6,2,0
BRDA:109,7,0,0
BRDA:109,7,1,0
BRDA:110,8,0,0
BRDA:110,8,1,0
BRDA:121,9,0,1
BRDA:121,9,1,0
BRDA:126,10,0,0
BRDA:126,10,1,0
BRF:24
BRH:4
end_of_record
TN:
SF:src\app\modules\admin\pages\notification-detail\notification-detail.component.ts
FN:13,(anonymous_0)
FN:92,(anonymous_1)
FN:96,(anonymous_2)
FN:108,(anonymous_3)
FN:109,(anonymous_4)
FN:128,(anonymous_5)
FN:148,(anonymous_6)
FN:158,(anonymous_7)
FN:174,(anonymous_8)
FN:182,(anonymous_9)
FN:192,(anonymous_10)
FN:212,(anonymous_11)
FN:247,(anonymous_12)
FN:251,(anonymous_13)
FN:255,(anonymous_14)
FNF:15
FNH:11
FNDA:4,(anonymous_0)
FNDA:4,(anonymous_1)
FNDA:4,(anonymous_2)
FNDA:0,(anonymous_3)
FNDA:0,(anonymous_4)
FNDA:0,(anonymous_5)
FNDA:2,(anonymous_6)
FNDA:2,(anonymous_7)
FNDA:2,(anonymous_8)
FNDA:4,(anonymous_9)
FNDA:0,(anonymous_10)
FNDA:1,(anonymous_11)
FNDA:1,(anonymous_12)
FNDA:4,(anonymous_13)
FNDA:1,(anonymous_14)
DA:11,5
DA:12,5
DA:14,4
DA:15,4
DA:16,4
DA:17,4
DA:18,4
DA:19,4
DA:20,4
DA:21,4
DA:22,4
DA:23,4
DA:24,4
DA:25,4
DA:26,4
DA:27,4
DA:28,4
DA:29,4
DA:30,4
DA:43,4
DA:44,4
DA:84,4
DA:90,4
DA:91,4
DA:92,4
DA:93,4
DA:97,4
DA:98,4
DA:99,4
DA:102,4
DA:103,0
DA:104,0
DA:105,0
DA:109,0
DA:110,0
DA:111,0
DA:112,0
DA:113,0
DA:114,0
DA:115,0
DA:119,0
DA:120,0
DA:121,0
DA:122,0
DA:123,0
DA:124,0
DA:125,0
DA:129,0
DA:130,0
DA:131,0
DA:132,0
DA:133,0
DA:136,0
DA:137,0
DA:138,0
DA:139,0
DA:140,0
DA:141,0
DA:143,0
DA:144,0
DA:145,0
DA:149,2
DA:150,2
DA:151,2
DA:152,2
DA:153,2
DA:154,2
DA:157,2
DA:158,2
DA:159,2
DA:160,2
DA:161,1
DA:164,1
DA:165,1
DA:168,1
DA:169,1
DA:175,2
DA:176,2
DA:177,2
DA:178,2
DA:179,1
DA:183,4
DA:193,0
DA:194,0
DA:195,0
DA:196,0
DA:197,0
DA:200,0
DA:201,0
DA:202,0
DA:203,0
DA:204,0
DA:205,0
DA:207,0
DA:208,0
DA:209,0
DA:213,1
DA:214,0
DA:216,1
DA:217,0
DA:220,1
DA:222,1
DA:223,0
DA:224,0
DA:227,1
DA:228,1
DA:229,1
DA:231,1
DA:232,1
DA:233,0
DA:234,0
DA:236,1
DA:247,1
DA:248,1
DA:252,4
DA:255,5
DA:262,5
LF:117
LH:66
BRDA:102,0,0,0
BRDA:102,0,1,4
BRDA:129,1,0,0
BRDA:129,1,1,0
BRDA:143,2,0,0
BRDA:143,2,1,0
BRDA:151,3,0,2
BRDA:151,3,1,0
BRDA:151,4,0,2
BRDA:151,4,1,2
BRDA:160,5,0,1
BRDA:160,5,1,1
BRDA:178,6,0,1
BRDA:178,6,1,1
BRDA:178,7,0,2
BRDA:178,7,1,1
BRDA:193,8,0,0
BRDA:193,8,1,0
BRDA:207,9,0,0
BRDA:207,9,1,0
BRDA:213,10,0,0
BRDA:213,10,1,1
BRDA:216,11,0,0
BRDA:216,11,1,1
BRDA:222,12,0,0
BRDA:222,12,1,1
BRDA:232,13,0,0
BRDA:232,13,1,1
BRDA:237,14,0,1
BRDA:237,14,1,0
BRDA:242,15,0,0
BRDA:242,15,1,1
BRDA:243,16,0,0
BRDA:243,16,1,1
BRF:34
BRH:17
end_of_record
TN:
SF:src\app\modules\admin\pages\notifications\notifications.component.ts
FN:7,(anonymous_0)
FN:12,(anonymous_1)
FN:15,(anonymous_2)
FN:16,(anonymous_3)
FN:22,(anonymous_4)
FNF:5
FNH:5
FNDA:1,(anonymous_0)
FNDA:1,(anonymous_1)
FNDA:1,(anonymous_2)
FNDA:1,(anonymous_3)
FNDA:1,(anonymous_4)
DA:6,5
DA:8,1
DA:9,1
DA:10,1
DA:13,1
DA:16,1
DA:17,1
DA:18,1
DA:22,5
DA:25,5
LF:10
LH:10
BRF:0
BRH:0
end_of_record
TN:
SF:src\app\modules\admin\pages\refers\refers.component.ts
FN:12,(anonymous_0)
FN:33,(anonymous_1)
FN:39,(anonymous_2)
FN:42,(anonymous_3)
FN:47,(anonymous_4)
FN:52,(anonymous_5)
FN:55,(anonymous_6)
FN:56,(anonymous_7)
FN:68,(anonymous_8)
FN:73,(anonymous_9)
FN:77,(anonymous_10)
FN:87,(anonymous_11)
FN:91,(anonymous_12)
FN:101,(anonymous_13)
FN:105,(anonymous_14)
FNF:15
FNH:14
FNDA:5,(anonymous_0)
FNDA:5,(anonymous_1)
FNDA:5,(anonymous_2)
FNDA:5,(anonymous_3)
FNDA:5,(anonymous_4)
FNDA:0,(anonymous_5)
FNDA:7,(anonymous_6)
FNDA:7,(anonymous_7)
FNDA:4,(anonymous_8)
FNDA:2,(anonymous_9)
FNDA:2,(anonymous_10)
FNDA:2,(anonymous_11)
FNDA:2,(anonymous_12)
FNDA:5,(anonymous_13)
FNDA:1,(anonymous_14)
DA:11,5
DA:13,5
DA:14,5
DA:15,5
DA:16,5
DA:17,5
DA:30,5
DA:31,5
DA:34,5
DA:35,5
DA:36,5
DA:37,5
DA:40,5
DA:43,5
DA:48,5
DA:53,0
DA:56,7
DA:57,7
DA:58,7
DA:59,7
DA:60,7
DA:69,4
DA:74,2
DA:77,2
DA:78,2
DA:79,1
DA:80,1
DA:83,1
DA:88,2
DA:91,2
DA:92,2
DA:93,1
DA:94,1
DA:97,1
DA:102,5
DA:105,5
DA:111,5
LF:37
LH:36
BRDA:78,0,0,1
BRDA:78,0,1,1
BRDA:92,1,0,1
BRDA:92,1,1,1
BRF:4
BRH:4
end_of_record
TN:
SF:src\app\modules\admin\pages\reports\reports.component.ts
FN:17,(anonymous_0)
FN:45,(anonymous_1)
FN:69,(anonymous_2)
FN:72,(anonymous_3)
FN:73,(anonymous_4)
FN:83,(anonymous_5)
FN:86,(anonymous_6)
FN:96,(anonymous_7)
FN:111,(anonymous_8)
FN:121,(anonymous_9)
FN:136,(anonymous_10)
FN:146,(anonymous_11)
FN:161,(anonymous_12)
FN:169,(anonymous_13)
FN:177,(anonymous_14)
FN:186,(anonymous_15)
FN:197,(anonymous_16)
FN:201,(anonymous_17)
FN:209,(anonymous_18)
FN:214,(anonymous_19)
FN:222,(anonymous_20)
FN:230,(anonymous_21)
FN:241,(anonymous_22)
FN:245,(anonymous_23)
FN:253,(anonymous_24)
FN:258,(anonymous_25)
FN:265,(anonymous_26)
FN:274,(anonymous_27)
FN:285,(anonymous_28)
FN:289,(anonymous_29)
FN:297,(anonymous_30)
FN:302,(anonymous_31)
FN:307,(anonymous_32)
FN:319,(anonymous_33)
FN:330,(anonymous_34)
FN:335,(anonymous_35)
FN:340,(anonymous_36)
FN:350,(anonymous_37)
FN:354,(anonymous_38)
FNF:39
FNH:24
FNDA:9,(anonymous_0)
FNDA:9,(anonymous_1)
FNDA:9,(anonymous_2)
FNDA:0,(anonymous_3)
FNDA:0,(anonymous_4)
FNDA:12,(anonymous_5)
FNDA:2,(anonymous_6)
FNDA:2,(anonymous_7)
FNDA:1,(anonymous_8)
FNDA:1,(anonymous_9)
FNDA:2,(anonymous_10)
FNDA:2,(anonymous_11)
FNDA:5,(anonymous_12)
FNDA:1,(anonymous_13)
FNDA:1,(anonymous_14)
FNDA:0,(anonymous_15)
FNDA:0,(anonymous_16)
FNDA:0,(anonymous_17)
FNDA:0,(anonymous_18)
FNDA:1,(anonymous_19)
FNDA:1,(anonymous_20)
FNDA:0,(anonymous_21)
FNDA:0,(anonymous_22)
FNDA:0,(anonymous_23)
FNDA:0,(anonymous_24)
FNDA:1,(anonymous_25)
FNDA:0,(anonymous_26)
FNDA:0,(anonymous_27)
FNDA:0,(anonymous_28)
FNDA:0,(anonymous_29)
FNDA:0,(anonymous_30)
FNDA:1,(anonymous_31)
FNDA:1,(anonymous_32)
FNDA:1,(anonymous_33)
FNDA:1,(anonymous_34)
FNDA:1,(anonymous_35)
FNDA:1,(anonymous_36)
FNDA:9,(anonymous_37)
FNDA:1,(anonymous_38)
DA:16,5
DA:18,9
DA:19,9
DA:20,9
DA:21,9
DA:22,9
DA:23,9
DA:24,9
DA:25,9
DA:26,9
DA:27,9
DA:28,9
DA:29,9
DA:30,9
DA:31,9
DA:46,9
DA:47,9
DA:48,9
DA:49,9
DA:52,9
DA:55,9
DA:58,9
DA:61,9
DA:67,9
DA:70,9
DA:73,0
DA:74,0
DA:75,0
DA:76,0
DA:77,0
DA:78,0
DA:84,12
DA:87,2
DA:88,2
DA:89,2
DA:90,2
DA:91,2
DA:92,2
DA:95,2
DA:96,2
DA:97,2
DA:100,2
DA:101,2
DA:102,1
DA:103,1
DA:106,1
DA:112,1
DA:113,1
DA:114,1
DA:115,1
DA:116,1
DA:117,1
DA:120,1
DA:121,1
DA:122,1
DA:125,1
DA:126,1
DA:127,1
DA:128,1
DA:131,0
DA:137,2
DA:138,2
DA:139,2
DA:140,2
DA:141,2
DA:142,2
DA:145,2
DA:146,2
DA:147,2
DA:150,2
DA:151,2
DA:152,1
DA:153,1
DA:156,1
DA:162,5
DA:163,5
DA:164,5
DA:165,5
DA:166,3
DA:170,1
DA:171,1
DA:172,1
DA:176,1
DA:177,1
DA:178,1
DA:179,1
DA:180,1
DA:187,0
DA:191,0
DA:198,0
DA:202,0
DA:203,0
DA:210,0
DA:215,1
DA:216,1
DA:217,1
DA:222,1
DA:223,1
DA:224,1
DA:231,0
DA:235,0
DA:242,0
DA:246,0
DA:247,0
DA:254,0
DA:259,1
DA:260,1
DA:261,1
DA:264,1
DA:265,1
DA:266,0
DA:267,0
DA:268,0
DA:275,0
DA:279,0
DA:286,0
DA:290,0
DA:291,0
DA:298,0
DA:303,1
DA:307,1
DA:308,1
DA:309,1
DA:310,1
DA:311,1
DA:312,1
DA:313,1
DA:314,1
DA:315,1
DA:316,1
DA:317,1
DA:318,1
DA:319,1
DA:320,1
DA:321,1
DA:331,1
DA:336,1
DA:340,1
DA:341,1
DA:342,1
DA:343,1
DA:344,1
DA:345,1
DA:351,9
DA:354,5
DA:365,5
DA:368,5
LF:147
LH:119
BRDA:74,0,0,0
BRDA:74,0,1,0
BRDA:77,1,0,0
BRDA:77,1,1,0
BRDA:89,2,0,2
BRDA:89,2,1,0
BRDA:89,3,0,2
BRDA:89,3,1,2
BRDA:101,4,0,1
BRDA:101,4,1,1
BRDA:114,5,0,1
BRDA:114,5,1,0
BRDA:114,6,0,1
BRDA:114,6,1,1
BRDA:126,7,0,1
BRDA:126,7,1,0
BRDA:139,8,0,2
BRDA:139,8,1,0
BRDA:139,9,0,2
BRDA:139,9,1,2
BRDA:151,10,0,1
BRDA:151,10,1,1
BRDA:165,11,0,3
BRDA:165,11,1,2
BRDA:165,12,0,5
BRDA:165,12,1,2
BRDA:179,13,0,1
BRDA:179,13,1,0
BRDA:223,14,0,1
BRDA:223,14,1,0
BRDA:267,15,0,0
BRDA:267,15,1,0
BRDA:341,16,0,1
BRDA:341,16,1,0
BRDA:344,17,0,1
BRDA:344,17,1,0
BRF:36
BRH:22
end_of_record
TN:
SF:src\app\modules\admin\pages\stories\stories.component.ts
FN:11,(anonymous_0)
FN:24,(anonymous_1)
FN:26,(anonymous_2)
FN:30,(anonymous_3)
FN:31,(anonymous_4)
FN:35,(anonymous_5)
FN:48,(anonymous_6)
FN:53,(anonymous_7)
FN:57,(anonymous_8)
FN:58,(anonymous_9)
FN:71,(anonymous_10)
FN:75,(anonymous_11)
FN:78,(anonymous_12)
FN:81,(anonymous_13)
FN:84,(anonymous_14)
FN:94,(anonymous_15)
FN:95,(anonymous_16)
FN:101,(anonymous_17)
FN:105,(anonymous_18)
FNF:19
FNH:15
FNDA:11,(anonymous_0)
FNDA:5,(anonymous_1)
FNDA:8,(anonymous_2)
FNDA:5,(anonymous_3)
FNDA:5,(anonymous_4)
FNDA:1,(anonymous_5)
FNDA:1,(anonymous_6)
FNDA:1,(anonymous_7)
FNDA:3,(anonymous_8)
FNDA:3,(anonymous_9)
FNDA:1,(anonymous_10)
FNDA:0,(anonymous_11)
FNDA:0,(anonymous_12)
FNDA:0,(anonymous_13)
FNDA:0,(anonymous_14)
FNDA:1,(anonymous_15)
FNDA:1,(anonymous_16)
FNDA:5,(anonymous_17)
FNDA:2,(anonymous_18)
DA:10,5
DA:12,11
DA:13,11
DA:14,11
DA:15,11
DA:16,11
DA:17,11
DA:18,11
DA:19,11
DA:20,11
DA:21,11
DA:22,11
DA:25,5
DA:26,5
DA:27,8
DA:31,5
DA:32,5
DA:36,1
DA:37,1
DA:38,1
DA:39,1
DA:40,1
DA:41,1
DA:44,0
DA:46,1
DA:49,1
DA:53,1
DA:54,1
DA:58,3
DA:59,3
DA:60,3
DA:61,3
DA:62,3
DA:63,3
DA:64,3
DA:67,0
DA:72,1
DA:73,1
DA:74,1
DA:75,1
DA:76,0
DA:78,1
DA:79,0
DA:81,1
DA:82,0
DA:84,1
DA:85,0
DA:89,0
DA:90,0
DA:91,0
DA:95,1
DA:96,1
DA:97,1
DA:98,1
DA:102,5
DA:105,5
DA:110,5
LF:57
LH:48
BRDA:36,0,0,1
BRDA:36,0,1,0
BRDA:38,1,0,1
BRDA:38,1,1,0
BRDA:63,2,0,3
BRDA:63,2,1,0
BRDA:63,3,0,3
BRDA:63,3,1,0
BRDA:63,3,2,0
[...]
FNDA:0,(anonymous_16)
FNDA:7,(anonymous_17)
FNDA:1,(anonymous_18)
DA:15,5
DA:17,7
DA:18,7
DA:19,7
DA:20,7
DA:21,7
DA:22,7
DA:23,7
DA:24,7
DA:25,7
DA:26,7
DA:29,7
DA:30,7
DA:31,7
DA:34,7
DA:37,1
DA:40,3
DA:44,3
DA:45,3
DA:46,2
DA:47,1
DA:54,0
DA:58,1
DA:67,1
DA:77,3
DA:78,3
DA:79,3
DA:80,3
DA:81,3
DA:82,3
DA:86,0
DA:87,0
DA:88,0
DA:89,0
DA:97,0
DA:102,1
DA:109,0
DA:112,1
DA:116,7
DA:117,7
DA:118,7
DA:119,7
DA:123,0
DA:124,0
DA:125,0
DA:126,0
DA:127,0
DA:130,7
DA:133,5
DA:141,5
DA:145,5
LF:51
LH:39
BRDA:46,0,0,1
BRDA:46,0,1,1
BRDA:115,1,0,7
BRDA:115,2,0,7
BRF:4
BRH:4
end_of_record
TN:
SF:src\app\modules\clicker\pages\report\report.component.ts
FN:15,(anonymous_0)
FN:26,(anonymous_1)
FN:39,(anonymous_2)
FN:41,(anonymous_3)
FN:46,(anonymous_4)
FN:55,(anonymous_5)
FN:56,(anonymous_6)
FN:73,(anonymous_7)
FN:80,(anonymous_8)
FN:95,(anonymous_9)
FN:129,(anonymous_10)
FN:133,(anonymous_11)
FNF:12
FNH:12
FNDA:7,(anonymous_0)
FNDA:7,(anonymous_1)
FNDA:8,(anonymous_2)
FNDA:8,(anonymous_3)
FNDA:1,(anonymous_4)
FNDA:7,(anonymous_5)
FNDA:7,(anonymous_6)
FNDA:1,(anonymous_7)
FNDA:1,(anonymous_8)
FNDA:4,(anonymous_9)
FNDA:7,(anonymous_10)
FNDA:1,(anonymous_11)
DA:14,5
DA:16,7
DA:17,7
DA:18,7
DA:19,7
DA:20,7
DA:21,7
DA:22,7
DA:23,7
DA:24,7
DA:27,7
DA:28,7
DA:29,7
DA:30,7
DA:31,7
DA:40,8
DA:41,8
DA:42,8
DA:43,8
DA:47,1
DA:48,1
DA:49,1
DA:50,1
DA:56,7
DA:57,7
DA:58,7
DA:59,7
DA:60,7
DA:61,7
DA:62,7
DA:63,7
DA:64,7
DA:65,7
DA:66,7
DA:74,1
DA:75,1
DA:76,1
DA:77,1
DA:78,1
DA:80,1
DA:81,1
DA:82,1
DA:99,4
DA:101,1
DA:102,1
DA:103,1
DA:104,1
DA:106,1
DA:107,1
DA:108,1
DA:109,1
DA:111,1
DA:112,1
DA:113,1
DA:114,1
DA:116,1
DA:117,1
DA:118,1
DA:119,1
DA:121,4
DA:130,7
DA:133,5
DA:139,5
DA:146,5
LF:64
LH:64
BRDA:28,0,0,7
BRDA:28,0,1,0
BRDA:39,1,0,7
BRDA:39,2,0,7
BRDA:60,3,0,7
BRDA:60,3,1,7
BRDA:99,4,0,1
BRDA:99,4,1,1
BRDA:99,4,2,1
BRDA:99,4,3,1
BRF:10
BRH:9
end_of_record
TN:
SF:src\app\modules\shared\shared.module.ts
FNF:0
FNH:0
DA:42,5
DA:44,5
LF:2
LH:2
BRF:0
BRH:0
end_of_record
TN:
SF:src\app\modules\shared\app-material\app-material.module.ts
FNF:0
FNH:0
DA:48,5
DA:50,5
LF:2
LH:2
BRF:0
BRH:0
end_of_record
TN:
SF:src\app\modules\shared\components\app-store\app-store.component.ts
FN:6,(anonymous_0)
FN:9,(anonymous_1)
FN:12,(anonymous_2)
FN:19,(anonymous_3)
FNF:4
FNH:0
FNDA:0,(anonymous_0)
FNDA:0,(anonymous_1)
FNDA:0,(anonymous_2)
FNDA:0,(anonymous_3)
DA:5,5
DA:7,0
DA:10,0
DA:13,0
DA:14,0
DA:15,0
DA:19,5
DA:20,5
LF:8
LH:3
BRDA:14,0,0,0
BRDA:14,0,1,0
BRF:2
BRH:0
end_of_record
TN:
SF:src\app\modules\shared\components\back-navigation\back-navigation.component.ts
FN:6,(anonymous_0)
FN:9,(anonymous_1)
FN:10,(anonymous_2)
FN:14,(anonymous_3)
FNF:4
FNH:4
FNDA:9,(anonymous_0)
FNDA:9,(anonymous_1)
FNDA:1,(anonymous_2)
FNDA:2,(anonymous_3)
DA:5,5
DA:7,9
DA:11,1
DA:14,5
DA:15,5
DA:21,5
LF:6
LH:6
BRF:0
BRH:0
end_of_record
TN:
SF:src\app\modules\shared\components\banner\banner.component.ts
FN:6,(anonymous_0)
FN:9,(anonymous_1)
FN:11,(anonymous_2)
FNF:3
FNH:3
FNDA:169,(anonymous_0)
FNDA:169,(anonymous_1)
FNDA:4,(anonymous_2)
DA:5,5
DA:7,169
DA:11,5
DA:12,5
DA:18,5
LF:5
LH:5
BRF:0
BRH:0
end_of_record
TN:
SF:src\app\modules\shared\components\card-story\card-story.component.ts
FN:16,(anonymous_0)
FN:61,(anonymous_1)
FN:63,(anonymous_2)
FN:70,(anonymous_3)
FN:78,(anonymous_4)
FN:87,(anonymous_5)
FN:93,(anonymous_6)
FN:103,(anonymous_7)
FN:110,(anonymous_8)
FN:112,(anonymous_9)
FN:123,(anonymous_10)
FN:132,(anonymous_11)
FN:142,(anonymous_12)
FN:151,(anonymous_13)
FN:169,(anonymous_14)
FN:173,(anonymous_15)
FN:177,(anonymous_16)
FN:212,(anonymous_17)
FN:231,(anonymous_18)
FN:241,(anonymous_19)
FN:254,(anonymous_20)
FN:259,(anonymous_21)
FN:262,(anonymous_22)
FN:267,(anonymous_23)
FN:272,(anonymous_24)
FN:276,(anonymous_25)
FN:287,(anonymous_26)
FN:291,(anonymous_27)
FN:306,(anonymous_28)
FN:310,(anonymous_29)
FN:314,(anonymous_30)
FN:323,(anonymous_31)
FN:333,(anonymous_32)
FN:347,(anonymous_33)
FN:360,(anonymous_34)
FN:420,(anonymous_35)
FN:434,(anonymous_36)
FN:443,(anonymous_37)
FN:458,(anonymous_38)
FN:467,(anonymous_39)
FN:477,(anonymous_40)
FN:482,(anonymous_41)
FN:488,(anonymous_42)
FN:494,(anonymous_43)
FN:498,(anonymous_44)
FN:507,(anonymous_45)
FN:514,(anonymous_46)
FN:517,(anonymous_47)
FN:521,(anonymous_48)
FN:526,(anonymous_49)
FNF:50
FNH:28
FNDA:13,(anonymous_0)
FNDA:13,(anonymous_1)
FNDA:13,(anonymous_2)
FNDA:13,(anonymous_3)
FNDA:0,(anonymous_4)
FNDA:13,(anonymous_5)
FNDA:0,(anonymous_6)
FNDA:14,(anonymous_7)
FNDA:1,(anonymous_8)
FNDA:1,(anonymous_9)
FNDA:13,(anonymous_10)
FNDA:13,(anonymous_11)
FNDA:26,(anonymous_12)
FNDA:26,(anonymous_13)
FNDA:1,(anonymous_14)
FNDA:1,(anonymous_15)
FNDA:0,(anonymous_16)
FNDA:0,(anonymous_17)
FNDA:0,(anonymous_18)
FNDA:0,(anonymous_19)
FNDA:0,(anonymous_20)
FNDA:1,(anonymous_21)
FNDA:13,(anonymous_22)
FNDA:0,(anonymous_23)
FNDA:0,(anonymous_24)
FNDA:0,(anonymous_25)
FNDA:13,(anonymous_26)
FNDA:0,(anonymous_27)
FNDA:0,(anonymous_28)
FNDA:0,(anonymous_29)
FNDA:0,(anonymous_30)
FNDA:0,(anonymous_31)
FNDA:0,(anonymous_32)
FNDA:1,(anonymous_33)
FNDA:0,(anonymous_34)
FNDA:0,(anonymous_35)
FNDA:2,(anonymous_36)
FNDA:2,(anonymous_37)
FNDA:1,(anonymous_38)
FNDA:1,(anonymous_39)
FNDA:1,(anonymous_40)
FNDA:1,(anonymous_41)
FNDA:0,(anonymous_42)
FNDA:1,(anonymous_43)
FNDA:0,(anonymous_44)
FNDA:2,(anonymous_45)
FNDA:0,(anonymous_46)
FNDA:2,(anonymous_47)
FNDA:0,(anonymous_48)
FNDA:1,(anonymous_49)
DA:15,5
DA:17,13
DA:18,13
DA:19,13
DA:20,13
DA:21,13
DA:22,13
DA:23,13
DA:24,13
DA:25,13
DA:26,13
DA:27,13
DA:28,13
DA:29,13
DA:30,13
DA:31,13
DA:32,13
DA:33,13
DA:34,13
DA:35,13
DA:36,13
DA:37,13
DA:38,13
DA:39,13
DA:40,13
DA:41,13
DA:42,13
DA:43,13
DA:44,13
DA:45,13
DA:46,13
DA:47,13
DA:48,13
DA:49,13
DA:50,13
DA:51,13
DA:52,13
DA:53,13
DA:54,13
DA:55,13
DA:57,13
DA:62,13
DA:63,13
DA:64,13
DA:65,13
DA:70,13
DA:71,13
DA:72,13
DA:73,13
DA:74,13
DA:75,0
DA:79,0
DA:80,0
DA:81,0
DA:83,0
DA:84,0
DA:88,13
DA:89,13
DA:90,13
DA:91,13
DA:92,13
DA:93,13
DA:94,0
DA:95,0
DA:99,0
DA:104,14
DA:105,1
DA:106,1
DA:110,1
DA:111,1
DA:112,1
DA:113,1
DA:114,1
DA:115,0
DA:116,0
DA:124,13
DA:125,13
DA:126,13
DA:127,13
DA:128,13
DA:129,0
DA:131,13
DA:132,13
DA:133,13
DA:134,13
DA:136,13
DA:137,13
DA:138,13
DA:143,26
DA:144,26
DA:145,26
DA:146,26
DA:147,26
DA:148,26
DA:152,26
DA:153,26
DA:154,26
DA:155,26
DA:156,26
DA:157,0
DA:159,26
DA:160,0
DA:162,26
DA:163,0
DA:166,26
DA:170,1
DA:171,1
DA:173,1
DA:174,1
DA:178,0
DA:180,0
DA:181,0
DA:183,0
DA:184,0
DA:187,0
DA:189,0
DA:190,0
DA:191,0
DA:192,0
DA:193,0
DA:194,0
DA:195,0
DA:196,0
DA:199,0
DA:200,0
DA:201,0
DA:202,0
DA:206,0
DA:207,0
DA:208,0
DA:209,0
DA:211,0
DA:212,0
DA:213,0
DA:214,0
DA:215,0
DA:216,0
DA:217,0
DA:218,0
DA:220,0
DA:221,0
DA:222,0
DA:224,0
DA:225,0
DA:226,0
DA:229,0
DA:230,0
DA:231,0
DA:232,0
DA:235,0
DA:242,0
DA:243,0
DA:244,0
DA:246,0
DA:247,0
DA:248,0
DA:250,0
DA:255,0
DA:256,0
DA:260,1
DA:263,13
DA:264,13
DA:265,0
DA:266,0
DA:267,0
DA:268,0
DA:271,0
DA:272,0
DA:273,0
DA:274,0
DA:276,0
DA:277,0
DA:278,0
DA:279,0
DA:281,0
DA:285,13
DA:288,13
DA:289,13
DA:290,13
DA:291,0
DA:292,0
DA:293,0
DA:294,0
DA:295,0
DA:298,0
DA:300,0
DA:303,13
DA:304,13
DA:306,0
DA:307,0
DA:308,0
DA:309,0
DA:310,0
DA:311,0
DA:314,0
DA:315,0
DA:316,0
DA:317,0
DA:318,0
DA:324,0
DA:326,0
DA:329,0
DA:330,0
DA:334,0
DA:335,0
DA:336,0
DA:337,0
DA:340,0
DA:348,1
DA:349,1
DA:350,1
DA:351,1
DA:352,1
DA:353,1
DA:354,1
DA:355,1
DA:356,1
DA:357,1
DA:358,1
DA:359,1
DA:360,1
DA:361,0
DA:363,1
DA:364,1
DA:365,1
DA:366,1
DA:367,1
DA:368,1
DA:369,1
DA:370,1
DA:371,1
DA:372,1
DA:373,1
DA:374,1
DA:375,1
DA:376,1
DA:377,1
DA:381,1
DA:385,1
DA:389,1
DA:393,1
DA:397,1
DA:401,1
DA:405,1
DA:406,1
DA:420,1
DA:421,0
DA:422,0
DA:423,0
DA:424,0
DA:428,0
DA:435,2
DA:443,2
DA:444,2
DA:445,2
DA:446,2
DA:447,1
DA:448,0
DA:449,0
DA:450,0
DA:459,1
DA:467,1
DA:468,1
DA:469,0
DA:472,1
DA:473,1
DA:478,1
DA:483,1
DA:489,0
DA:490,0
DA:491,0
DA:492,0
DA:495,1
DA:496,1
DA:499,0
DA:500,0
DA:501,0
DA:504,0
DA:508,2
DA:515,0
DA:518,2
DA:522,0
DA:523,0
DA:526,5
DA:536,5
DA:559,5
LF:286
LH:160
BRDA:54,0,0,13
BRDA:54,0,1,0
BRDA:62,1,0,13
BRDA:62,1,1,0
BRDA:71,2,0,0
BRDA:71,2,1,13
BRDA:74,3,0,0
BRDA:74,3,1,13
BRDA:74,4,0,13
BRDA:74,4,1,0
BRDA:80,5,0,0
BRDA:80,5,1,0
BRDA:80,6,0,0
BRDA:80,6,1,0
BRDA:83,7,0,0
BRDA:83,7,1,0
BRDA:91,8,0,13
BRDA:91,8,1,0
BRDA:92,9,0,13
BRDA:92,9,1,0
BRDA:104,10,0,1
BRDA:104,10,1,13
BRDA:104,11,0,14
BRDA:104,11,1,1
BRDA:111,12,0,1
BRDA:111,12,1,0
BRDA:112,13,0,1
BRDA:112,13,1,0
BRDA:114,14,0,0
BRDA:114,14,1,1
BRDA:114,15,0,1
BRDA:114,15,1,0
BRDA:126,16,0,13
BRDA:126,16,1,0
BRDA:126,17,0,13
BRDA:126,17,1,13
BRDA:128,18,0,0
BRDA:128,18,1,13
BRDA:133,19,0,13
BRDA:133,19,1,0
BRDA:137,20,0,13
BRDA:137,20,1,0
BRDA:144,21,0,26
BRDA:144,21,1,0
BRDA:156,22,0,0
BRDA:156,22,1,26
BRDA:159,23,0,0
BRDA:159,23,1,26
BRDA:162,24,0,0
BRDA:162,24,1,26
BRDA:170,25,0,1
BRDA:170,25,1,0
BRDA:178,26,0,0
BRDA:178,26,1,0
BRDA:178,27,0,0
BRDA:178,27,1,0
BRDA:180,28,0,0
BRDA:180,28,1,0
BRDA:183,29,0,0
BRDA:183,29,1,0
BRDA:193,30,0,0
BRDA:193,30,1,0
BRDA:195,31,0,0
BRDA:195,31,1,0
BRDA:199,32,0,0
BRDA:199,32,1,0
BRDA:201,33,0,0
BRDA:201,33,1,0
BRDA:206,34,0,0
BRDA:206,34,1,0
BRDA:211,35,0,0
BRDA:211,35,1,0
BRDA:215,36,0,0
BRDA:215,36,1,0
BRDA:220,37,0,0
BRDA:220,37,1,0
BRDA:220,38,0,0
BRDA:220,38,1,0
BRDA:220,38,2,0
BRDA:221,39,0,0
BRDA:221,39,1,0
BRDA:230,40,0,0
BRDA:230,40,1,0
BRDA:230,41,0,0
BRDA:230,41,1,0
BRDA:242,42,0,0
BRDA:242,42,1,0
BRDA:242,43,0,0
BRDA:242,43,1,0
BRDA:243,44,0,0
BRDA:243,44,1,0
BRDA:243,45,0,0
BRDA:243,45,1,0
BRDA:246,46,0,0
BRDA:246,46,1,0
BRDA:246,47,0,0
BRDA:246,47,1,0
BRDA:247,48,0,0
BRDA:247,48,1,0
BRDA:255,49,0,0
BRDA:255,49,1,0
BRDA:255,50,0,0
BRDA:255,50,1,0
BRDA:263,51,0,13
BRDA:263,51,1,0
BRDA:264,52,0,0
BRDA:264,52,1,13
BRDA:265,53,0,0
BRDA:265,53,1,0
BRDA:278,54,0,0
BRDA:278,54,1,0
BRDA:288,55,0,13
BRDA:288,55,1,0
BRDA:290,56,0,0
BRDA:290,56,1,13
BRDA:293,57,0,0
BRDA:293,57,1,0
BRDA:304,58,0,0
BRDA:304,58,1,13
BRDA:324,59,0,0
BRDA:324,59,1,0
BRDA:335,60,0,0
BRDA:335,60,1,0
BRDA:351,61,0,1
BRDA:351,61,1,0
BRDA:446,62,0,1
BRDA:446,62,1,1
BRDA:447,63,0,0
BRDA:447,63,1,1
BRDA:468,64,0,0
BRDA:468,64,1,1
BRDA:500,65,0,0
BRDA:500,65,1,0
BRF:133
BRH:36
end_of_record
TN:
SF:src\app\modules\shared\components\dialog\dialog.component.ts
FN:7,(anonymous_0)
FN:11,(anonymous_1)
FN:14,(anonymous_2)
FN:16,(anonymous_3)
FNF:4
FNH:3
FNDA:3,(anonymous_0)
FNDA:0,(anonymous_1)
FNDA:3,(anonymous_2)
FNDA:2,(anonymous_3)
DA:6,5
DA:8,3
DA:9,3
DA:12,0
DA:16,5
DA:20,5
LF:6
LH:5
BRF:0
BRH:0
end_of_record
TN:
SF:src\app\modules\shared\components\dialog-stories\dialog-stories.component.ts
FN:7,(anonymous_0)
FN:43,(anonymous_1)
FN:44,(anonymous_2)
FN:54,(anonymous_3)
FN:55,(anonymous_4)
FN:55,(anonymous_5)
FN:57,(anonymous_6)
FN:58,(anonymous_7)
FN:62,(anonymous_8)
FN:65,(anonymous_9)
FN:78,(anonymous_10)
FN:93,(anonymous_11)
FN:94,(anonymous_12)
FN:96,(anonymous_13)
FN:100,(anonymous_14)
FN:103,(anonymous_15)
FN:107,(anonymous_16)
FN:110,(anonymous_17)
FN:113,(anonymous_18)
FN:122,(anonymous_19)
FNF:20
FNH:14
FNDA:5,(anonymous_0)
FNDA:5,(anonymous_1)
FNDA:1,(anonymous_2)
FNDA:5,(anonymous_3)
FNDA:5,(anonymous_4)
FNDA:5,(anonymous_5)
FNDA:5,(anonymous_6)
FNDA:5,(anonymous_7)
FNDA:0,(anonymous_8)
FNDA:5,(anonymous_9)
FNDA:0,(anonymous_10)
FNDA:0,(anonymous_11)
FNDA:0,(anonymous_12)
FNDA:1,(anonymous_13)
FNDA:1,(anonymous_14)
FNDA:1,(anonymous_15)
FNDA:0,(anonymous_16)
FNDA:1,(anonymous_17)
FNDA:0,(anonymous_18)
FNDA:1,(anonymous_19)
DA:6,5
DA:8,5
DA:9,5
DA:10,5
DA:11,5
DA:12,5
DA:13,5
DA:14,5
DA:35,5
DA:36,0
DA:39,5
DA:41,5
DA:45,1
DA:46,1
DA:47,1
DA:50,0
DA:52,1
DA:55,5
DA:58,5
DA:59,5
DA:63,0
DA:66,5
DA:67,5
DA:68,5
DA:71,0
DA:73,5
DA:74,0
DA:75,5
DA:76,5
DA:77,5
DA:78,5
DA:79,0
DA:80,0
DA:81,0
DA:82,0
DA:83,0
DA:85,0
DA:86,0
DA:87,0
DA:88,0
DA:94,0
DA:97,1
DA:98,1
DA:101,1
DA:104,1
DA:105,1
DA:108,0
DA:111,1
DA:114,0
DA:115,0
DA:118,0
DA:122,5
DA:126,5
DA:129,5
LF:54
LH:35
BRDA:13,0,0,0
BRDA:13,0,1,5
BRDA:15,1,0,0
BRDA:15,1,1,5
BRDA:35,2,0,0
BRDA:35,2,1,5
BRDA:45,3,0,1
BRDA:45,3,1,0
BRDA:67,4,0,5
BRDA:67,4,1,0
BRDA:73,5,0,0
BRDA:73,5,1,5
BRDA:77,6,0,5
BRDA:77,6,1,0
BRDA:80,7,0,0
BRDA:80,7,1,0
BRDA:82,8,0,0
BRDA:82,8,1,0
BRDA:82,9,0,0
BRDA:82,9,1,0
BRDA:85,10,0,0
BRDA:85,10,1,0
BRDA:85,11,0,0
BRDA:85,11,1,0
BRDA:87,12,0,0
BRDA:87,12,1,0
BRDA:87,13,0,0
BRDA:87,13,1,0
BRDA:97,14,0,1
BRDA:97,14,1,0
BRDA:104,15,0,1
BRDA:104,15,1,0
BRDA:114,16,0,0
BRDA:114,16,1,0
BRF:34
BRH:9
end_of_record
TN:
SF:src\app\modules\shared\components\footer\footer.component.ts
FN:11,(anonymous_0)
FN:19,(anonymous_1)
FN:20,(anonymous_2)
FN:24,(anonymous_3)
FN:27,(anonymous_4)
FN:31,(anonymous_5)
FN:35,(anonymous_6)
FNF:7
FNH:6
FNDA:2,(anonymous_0)
FNDA:2,(anonymous_1)
FNDA:0,(anonymous_2)
FNDA:2,(anonymous_3)
FNDA:1,(anonymous_4)
FNDA:2,(anonymous_5)
FNDA:1,(anonymous_6)
DA:10,5
DA:12,2
DA:13,2
DA:14,2
DA:15,2
DA:16,2
DA:17,2
DA:20,2
DA:21,0
DA:25,2
DA:28,1
DA:29,1
DA:32,2
DA:35,5
DA:41,5
LF:15
LH:14
BRF:0
BRH:0
end_of_record
TN:
SF:src\app\modules\shared\components\header\header.component.ts
FN:10,(anonymous_0)
FN:19,(anonymous_1)
FN:24,(anonymous_2)
FN:25,(anonymous_3)
FN:29,(anonymous_4)
FN:32,(anonymous_5)
FN:35,(anonymous_6)
FN:38,(anonymous_7)
FN:41,(anonymous_8)
FN:44,(anonymous_9)
FN:46,(anonymous_10)
FN:54,(anonymous_11)
FN:55,(anonymous_12)
FN:58,(anonymous_13)
FN:65,(anonymous_14)
FN:69,(anonymous_15)
FNF:16
FNH:12
FNDA:9,(anonymous_0)
FNDA:9,(anonymous_1)
FNDA:9,(anonymous_2)
FNDA:0,(anonymous_3)
FNDA:1,(anonymous_4)
FNDA:0,(anonymous_5)
FNDA:1,(anonymous_6)
FNDA:1,(anonymous_7)
FNDA:1,(anonymous_8)
FNDA:9,(anonymous_9)
FNDA:0,(anonymous_10)
FNDA:9,(anonymous_11)
FNDA:9,(anonymous_12)
FNDA:0,(anonymous_13)
FNDA:9,(anonymous_14)
FNDA:1,(anonymous_15)
DA:9,5
DA:11,9
DA:12,9
DA:13,9
DA:14,9
DA:15,9
DA:16,9
DA:17,9
DA:20,9
DA:21,9
DA:22,9
DA:25,9
DA:26,0
DA:30,1
DA:33,0
DA:36,1
DA:39,1
DA:42,1
DA:45,9
DA:46,9
DA:47,0
DA:48,0
DA:50,9
DA:51,0
DA:55,9
DA:56,9
DA:57,9
DA:58,9
DA:59,0
DA:60,0
DA:66,9
DA:69,5
DA:74,5
DA:83,5
LF:34
LH:27
BRDA:50,0,0,0
BRDA:50,0,1,9
BRDA:57,1,0,9
BRDA:57,1,1,0
BRF:4
BRH:2
end_of_record
TN:
SF:src\app\modules\shared\components\loader\loader.component.ts
FN:7,(anonymous_0)
FN:11,(anonymous_1)
FN:15,(anonymous_2)
FN:19,(anonymous_3)
FN:23,(anonymous_4)
FNF:5
FNH:4
FNDA:1,(anonymous_0)
FNDA:1,(anonymous_1)
FNDA:0,(anonymous_2)
FNDA:1,(anonymous_3)
FNDA:1,(anonymous_4)
DA:6,5
DA:8,1
DA:9,1
DA:15,1
DA:16,0
DA:20,1
DA:23,5
DA:26,5
LF:8
LH:7
BRF:0
BRH:0
end_of_record
TN:
SF:src\app\modules\shared\components\logo\logo.component.ts
FN:6,(anonymous_0)
FN:7,(anonymous_1)
FN:9,(anonymous_2)
FNF:3
FNH:3
FNDA:2,(anonymous_0)
FNDA:2,(anonymous_1)
FNDA:2,(anonymous_2)
DA:5,5
DA:9,5
DA:10,5
LF:3
LH:3
BRF:0
BRH:0
end_of_record
TN:
SF:src\app\modules\shared\components\menu-options\menu-options.component.ts
FN:11,(anonymous_0)
FN:27,(anonymous_1)
FN:33,(anonymous_2)
FN:34,(anonymous_3)
FN:38,(anonymous_4)
FN:41,(anonymous_5)
FN:47,(anonymous_6)
FN:50,(anonymous_7)
FN:53,(anonymous_8)
FN:57,(anonymous_9)
FNF:10
FNH:6
FNDA:1,(anonymous_0)
FNDA:1,(anonymous_1)
FNDA:1,(anonymous_2)
FNDA:1,(anonymous_3)
FNDA:0,(anonymous_4)
FNDA:0,(anonymous_5)
FNDA:0,(anonymous_6)
FNDA:0,(anonymous_7)
FNDA:1,(anonymous_8)
FNDA:1,(anonymous_9)
DA:10,5
DA:12,1
DA:13,1
DA:14,1
DA:15,1
DA:16,1
DA:17,1
DA:18,1
DA:19,1
DA:20,1
DA:21,1
DA:22,1
DA:23,1
DA:24,1
DA:25,1
DA:28,1
DA:34,1
DA:35,1
DA:39,0
DA:42,0
DA:48,0
DA:51,0
DA:54,1
DA:57,5
DA:63,5
DA:75,5
LF:26
LH:22
BRF:0
BRH:0
end_of_record
TN:
SF:src\app\modules\shared\components\modal-generic\modal-generic.component.ts
FN:7,(anonymous_0)
FN:11,(anonymous_1)
FN:12,(anonymous_2)
FN:16,(anonymous_3)
FN:20,(anonymous_4)
FNF:5
FNH:5
FNDA:5,(anonymous_0)
FNDA:5,(anonymous_1)
FNDA:3,(anonymous_2)
FNDA:1,(anonymous_3)
FNDA:3,(anonymous_4)
DA:6,5
DA:8,5
DA:9,5
DA:12,5
DA:13,3
DA:17,1
DA:20,5
DA:24,5
LF:8
LH:8
BRF:0
BRH:0
end_of_record
TN:
SF:src\app\modules\shared\components\not-found\not-found.component.ts
FN:6,(anonymous_0)
FN:7,(anonymous_1)
FN:9,(anonymous_2)
FNF:3
FNH:3
FNDA:1,(anonymous_0)
FNDA:1,(anonymous_1)
FNDA:1,(anonymous_2)
DA:5,5
DA:9,5
DA:10,5
LF:3
LH:3
BRF:0
BRH:0
end_of_record
TN:
SF:src\app\modules\shared\components\popup\popup.component.ts
FN:7,(anonymous_0)
FN:11,(anonymous_1)
FN:12,(anonymous_2)
FN:16,(anonymous_3)
FNF:4
FNH:3
FNDA:1,(anonymous_0)
FNDA:1,(anonymous_1)
FNDA:0,(anonymous_2)
FNDA:1,(anonymous_3)
DA:6,5
DA:8,1
DA:9,1
DA:13,0
DA:16,5
DA:20,5
LF:6
LH:5
BRF:0
BRH:0
end_of_record
TN:
SF:src\app\modules\shared\components\product\product.component.ts
FN:6,(anonymous_0)
FN:9,(anonymous_1)
FN:10,(anonymous_2)
FN:14,(anonymous_3)
FNF:4
FNH:3
FNDA:975,(anonymous_0)
FNDA:975,(anonymous_1)
FNDA:0,(anonymous_2)
FNDA:1,(anonymous_3)
DA:5,5
DA:7,975
DA:11,0
DA:14,5
DA:15,5
DA:38,5
LF:6
LH:5
BRF:0
BRH:0
end_of_record
TN:
SF:src\app\modules\shared\components\product-bussiness\product-bussiness.component.ts
FN:6,(anonymous_0)
FN:9,(anonymous_1)
FN:10,(anonymous_2)
FN:14,(anonymous_3)
FNF:4
FNH:4
FNDA:1,(anonymous_0)
FNDA:1,(anonymous_1)
FNDA:1,(anonymous_2)
FNDA:1,(anonymous_3)
DA:5,5
DA:7,1
DA:11,1
DA:14,5
DA:15,5
DA:36,5
LF:6
LH:6
BRF:0
BRH:0
end_of_record
TN:
SF:src\app\modules\shared\components\search\search.component.ts
FN:7,(anonymous_0)
FN:12,(anonymous_1)
FN:17,(anonymous_2)
FN:22,(anonymous_3)
FNF:4
FNH:4
FNDA:2,(anonymous_0)
FNDA:2,(anonymous_1)
FNDA:2,(anonymous_2)
FNDA:1,(anonymous_3)
DA:6,5
DA:8,2
DA:9,2
DA:10,2
DA:13,2
DA:18,2
DA:19,2
DA:22,5
DA:25,5
DA:28,5
LF:10
LH:10
BRF:0
BRH:0
end_of_record
TN:
SF:src\app\modules\shared\components\sociallinks\sociallinks.component.ts
FN:6,(anonymous_0)
FN:7,(anonymous_1)
FN:9,(anonymous_2)
FNF:3
FNH:3
FNDA:1,(anonymous_0)
FNDA:1,(anonymous_1)
FNDA:1,(anonymous_2)
DA:5,5
DA:9,5
DA:10,5
LF:3
LH:3
BRF:0
BRH:0
end_of_record
TN:
SF:src\app\modules\shared\components\top\top.component.ts
FN:6,(anonymous_0)
FN:9,(anonymous_1)
FN:10,(anonymous_2)
FN:14,(anonymous_3)
FNF:4
FNH:4
FNDA:31,(anonymous_0)
FNDA:31,(anonymous_1)
FNDA:1,(anonymous_2)
FNDA:2,(anonymous_3)
DA:5,5
DA:7,31
DA:11,1
DA:14,5
DA:15,5
DA:19,5
LF:6
LH:6
BRF:0
BRH:0
end_of_record
TN:
SF:src\app\modules\shared\components\under-construction\under-construction.component.ts
FN:6,(anonymous_0)
FN:7,(anonymous_1)
FN:9,(anonymous_2)
FNF:3
FNH:3
FNDA:1,(anonymous_0)
FNDA:1,(anonymous_1)
FNDA:1,(anonymous_2)
DA:5,5
DA:9,5
DA:10,5
LF:3
LH:3
BRF:0
BRH:0
end_of_record
TN:
SF:src\app\shared\messaging.service.ts
FN:10,(anonymous_0)
FN:16,(anonymous_1)
FN:27,(anonymous_2)
FN:29,(anonymous_3)
FN:41,(anonymous_4)
FN:42,(anonymous_5)
FN:44,(anonymous_6)
FN:51,(anonymous_7)
FN:52,(anonymous_8)
FN:58,(anonymous_9)
FNF:10
FNH:6
FNDA:10,(anonymous_0)
FNDA:10,(anonymous_1)
FNDA:0,(anonymous_2)
FNDA:0,(anonymous_3)
FNDA:16,(anonymous_4)
FNDA:0,(anonymous_5)
FNDA:16,(anonymous_6)
FNDA:16,(anonymous_7)
FNDA:0,(anonymous_8)
FNDA:1,(anonymous_9)
DA:9,5
DA:11,10
DA:12,10
DA:13,10
DA:14,10
DA:15,10
DA:16,10
DA:17,10
DA:18,10
DA:29,0
DA:30,0
DA:31,0
DA:32,0
DA:34,0
DA:42,16
DA:43,0
DA:45,16
DA:52,16
DA:53,0
DA:54,0
DA:58,5
DA:64,5
LF:22
LH:14
BRF:0
BRH:0
end_of_record
TN:
SF:src\directives\copy.directive.ts
FN:4,(anonymous_0)
FN:5,(anonymous_1)
FN:8,(anonymous_2)
FN:11,(anonymous_3)
FN:15,(anonymous_4)
FNF:5
FNH:0
FNDA:0,(anonymous_0)
FNDA:0,(anonymous_1)
FNDA:0,(anonymous_2)
FNDA:0,(anonymous_3)
FNDA:0,(anonymous_4)
DA:3,5
DA:6,0
DA:9,0
DA:12,0
DA:15,5
DA:16,5
DA:21,5
LF:7
LH:4
BRF:0
BRH:0
end_of_record
TN:
SF:src\directives\space.admin.directive.ts
FN:4,(anonymous_0)
FN:5,(anonymous_1)
FN:11,(anonymous_2)
FNF:3
FNH:2
FNDA:1,(anonymous_0)
FNDA:0,(anonymous_1)
FNDA:1,(anonymous_2)
DA:3,5
DA:6,0
DA:7,0
DA:11,5
DA:12,5
DA:15,5
LF:6
LH:4
BRDA:6,0,0,0
BRDA:6,0,1,0
BRF:2
BRH:0
end_of_record
TN:
SF:src\directives\space.directive.ts
FN:4,(anonymous_0)
FN:5,(anonymous_1)
FN:11,(anonymous_2)
FNF:3
FNH:2
FNDA:10,(anonymous_0)
FNDA:0,(anonymous_1)
FNDA:2,(anonymous_2)
DA:3,5
DA:6,0
DA:7,0
DA:11,5
DA:12,5
DA:15,5
LF:6
LH:4
BRDA:6,0,0,0
BRDA:6,0,1,0
BRF:2
BRH:0
end_of_record
TN:
SF:src\environments\environment.ts
FNF:0
FNH:0
DA:4,5
LF:1
LH:1
BRF:0
BRH:0
end_of_record
